\BOOKMARK [0][-]{chapter*.2}{\376\377\000P\000r\000e\000f\000a\000c\000e\000s}{}% 1
\BOOKMARK [1][-]{section.0.1}{\376\377\0001\000\040\000B\000u\000d\000d\000h\000i\000s\000t\000\040\000P\000u\000b\000l\000i\000c\000a\000t\000i\000o\000n\000\040\000S\000o\000c\000i\000e\000t\000y\000\040\000e\000d\000i\000t\000i\000o\000n\000\040\000n\000o\000t\000e}{chapter*.2}% 2
\BOOKMARK [1][-]{section.0.2}{\376\377\0002\000\040\000M\000e\000s\000s\000a\000g\000e\000\040\000f\000r\000o\000m\000\040\000h\000i\000s\000\040\000H\000o\000l\000i\000n\000e\000s\000s\000\040\000t\000h\000e\000\040\000D\000a\000l\000a\000i\000\040\000L\000a\000m\000a\000\040}{chapter*.2}% 3
\BOOKMARK [1][-]{section.0.3}{\376\377\0003\000\040\000P\000u\000b\000l\000i\000s\000h\000e\000r\040\031\000s\000\040\000F\000o\000r\000e\000w\000o\000r\000d\000\040\000t\000o\000\040\000T\000h\000i\000r\000d\000\040\000E\000d\000i\000t\000i\000o\000n\000\040}{chapter*.2}% 4
\BOOKMARK [1][-]{section.0.4}{\376\377\0004\000\040\000P\000u\000b\000l\000i\000s\000h\000e\000r\040\031\000s\000\040\000F\000o\000r\000e\000w\000o\000r\000d\000\040\000t\000o\000\040\000F\000o\000u\000r\000t\000h\000\040\000E\000d\000i\000t\000i\000o\000n\000\040}{chapter*.2}% 5
\BOOKMARK [1][-]{section.0.5}{\376\377\0005\000\040\000T\000r\000a\000n\000s\000l\000a\000t\000o\000r\040\031\000s\000\040\000D\000e\000d\000i\000c\000a\000t\000i\000o\000n}{chapter*.2}% 6
\BOOKMARK [1][-]{section.0.6}{\376\377\0006\000\040\000T\000r\000a\000n\000s\000l\000a\000t\000o\000r\040\031\000s\000\040\000P\000r\000e\000f\000a\000c\000e\000\040}{chapter*.2}% 7
\BOOKMARK [0][-]{chapter*.3}{\376\377\000I\000n\000t\000r\000o\000d\000u\000c\000t\000i\000o\000n\000\040}{}% 8
\BOOKMARK [1][-]{section.0.7}{\376\377\0007\000\040\000B\000a\000c\000k\000g\000r\000o\000u\000n\000d\000\040\000a\000n\000d\000\040\000M\000a\000i\000n\000\040\000F\000a\000c\000t\000s}{chapter*.3}% 9
\BOOKMARK [1][-]{section.0.8}{\376\377\0008\000\040\000T\000h\000e\000\040\000V\000i\000s\000u\000d\000d\000h\000i\000m\000a\000g\000g\000a\000\040\000a\000n\000d\000\040\000i\000t\000s\000\040\000A\000u\000t\000h\000o\000r}{chapter*.3}% 10
\BOOKMARK [1][-]{section.0.9}{\376\377\0009\000\040\000T\000h\000e\000\040\000V\000i\000m\000u\000t\000t\000i\000m\000a\000g\000g\000a}{chapter*.3}% 11
\BOOKMARK [1][-]{section.0.10}{\376\377\0001\0000\000\040\000T\000r\000e\000n\000d\000s\000\040\000i\000n\000\040\000t\000h\000e\000\040\000D\000e\000v\000e\000l\000o\000p\000m\000e\000n\000t\000\040\000o\000f\000\040\000T\000h\000e\000r\000a\000v\001\001\000d\000a\000\040\000d\000o\000c\000t\000r\000i\000n\000e}{chapter*.3}% 12
\BOOKMARK [1][-]{section.0.11}{\376\377\0001\0001\000\040\000T\000h\000e\000\040\000P\000a\000r\000a\000m\000a\000t\000t\000h\000a\000m\000a\000\361\000j\001\153\000s\001\001}{chapter*.3}% 13
\BOOKMARK [1][-]{section.0.12}{\376\377\0001\0002\000\040\000S\000o\000m\000e\000\040\000M\000a\000i\000n\000\040\000T\000h\000r\000e\000a\000d\000s\000\040\000i\000n\000\040\000t\000h\000e\000\040\000V\000i\000s\000u\000d\000d\000h\000i\000m\000a\000g\000g\000a}{chapter*.3}% 14
\BOOKMARK [1][-]{section.0.13}{\376\377\0001\0003\000\040\000C\000o\000n\000c\000e\000r\000n\000i\000n\000g\000\040\000t\000h\000e\000\040\000T\000r\000a\000n\000s\000l\000a\000t\000i\000o\000n}{chapter*.3}% 15
\BOOKMARK [1][-]{section.0.14}{\376\377\0001\0004\000\040\000C\000o\000n\000c\000l\000u\000d\000i\000n\000g\000\040\000r\000e\000m\000a\000r\000k\000s}{chapter*.3}% 16
\BOOKMARK [-1][-]{part.1}{\376\377\000P\000a\000r\000t\000\040\000I\000\040\000V\000i\000r\000t\000u\000e\000\040\000\050\000S\001\053\000l\000a\000\051}{}% 17
\BOOKMARK [0][-]{chapter.1}{\376\377\000I\000\040\000D\000e\000s\000c\000r\000i\000p\000t\000i\000o\000n\000\040\000o\000f\000\040\000V\000i\000r\000t\000u\000e}{part.1}% 18
\BOOKMARK [1][-]{section.1.1}{\376\377\0001\000\040\000\247\0001\040\023\0001\0005\000I\000.\000\040\000I\000n\000t\000r\000o\000d\000u\000c\000t\000o\000r\000y}{chapter.1}% 19
\BOOKMARK [1][-]{section.1.2}{\376\377\0002\000\040\000\247\0001\0006\040\023\0001\0007\000I\000I\000.\000\040\000V\000i\000r\000t\000u\000e}{chapter.1}% 20
\BOOKMARK [1][-]{section.1.3}{\376\377\0003\000\040\000\247\0001\0007\040\023\0001\0008\000\050\000i\000\051\000\040\000W\000h\000a\000t\000\040\000i\000s\000\040\000v\000i\000r\000t\000u\000e\000?}{chapter.1}% 21
\BOOKMARK [1][-]{section.1.4}{\376\377\0004\000\040\000\247\0001\0009\000\050\000i\000i\000\051\000\040\000I\000n\000\040\000w\000h\000a\000t\000\040\000s\000e\000n\000s\000e\000\040\000i\000s\000\040\000i\000t\000\040\000v\000i\000r\000t\000u\000e\000?}{chapter.1}% 22
\BOOKMARK [1][-]{section.1.5}{\376\377\0005\000\040\000\247\0002\0000\040\023\0002\0002\000\050\000i\000i\000i\000\051\000\040\000W\000h\000a\000t\000\040\000a\000r\000e\000\040\000i\000t\000s\000\040\000c\000h\000a\000r\000a\000c\000t\000e\000r\000i\000s\000t\000i\000c\000,\000\040\000e\000t\000c\000.\000?}{chapter.1}% 23
\BOOKMARK [1][-]{section.1.6}{\376\377\0006\000\040\000\247\0002\0003\040\023\0002\0004\000\050\000i\000v\000\051\000\040\000W\000h\000a\000t\000\040\000a\000r\000e\000\040\000t\000h\000e\000\040\000b\000e\000n\000e\000f\000i\000t\000s\000\040\000o\000f\000\040\000v\000i\000r\000t\000u\000e\000?}{chapter.1}% 24
\BOOKMARK [1][-]{section.1.7}{\376\377\0007\000\040\000\247\0002\0005\040\023\0001\0004\0002\000\050\000v\000\051\000\040\000H\000o\000w\000\040\000m\000a\000n\000y\000\040\000k\000i\000n\000d\000s\000\040\000o\000f\000\040\000v\000i\000r\000t\000u\000e\000\040\000a\000r\000e\000\040\000t\000h\000e\000r\000e\000?}{chapter.1}% 25
\BOOKMARK [2][-]{subsection.1.7.1}{\376\377\0007\000.\0001\000\040\000\247\0002\0006\0001\000.\000\040\000M\000o\000n\000a\000d}{section.1.7}% 26
\BOOKMARK [2][-]{subsection.1.7.2}{\376\377\0007\000.\0002\000\040\000\247\0002\0006\040\023\0003\0002\0002\000.\040\023\0008\000.\000\040\000D\000y\000a\000d\000s}{section.1.7}% 27
\BOOKMARK [2][-]{subsection.1.7.3}{\376\377\0007\000.\0003\000\040\000\247\0003\0003\040\023\0003\0008\0009\000.\040\023\0001\0003\000.\000\040\000T\000r\000i\000a\000d\000s}{section.1.7}% 28
\BOOKMARK [2][-]{subsection.1.7.4}{\376\377\0007\000.\0004\000\040\000\247\0003\0009\040\023\0001\0003\0000\0001\0004\000.\040\023\0001\0007\000.\000\040\000T\000e\000t\000r\000a\000d\000s}{section.1.7}% 29
\BOOKMARK [3][-]{subsubsection.1.7.4.1}{\376\377\0007\000.\0004\000.\0001\000\040\000\247\0004\0002\040\023\0001\0003\0000\000V\000i\000r\000t\000u\000e\000\040\000o\000f\000\040\000t\000h\000e\000\040\000f\000o\000u\000r\000f\000o\000l\000d\000\040\000p\000u\000r\000i\000f\000i\000c\000a\000t\000i\000o\000n}{subsection.1.7.4}% 30
\BOOKMARK [2][-]{subsection.1.7.5}{\376\377\0007\000.\0005\000\040\000\247\0001\0003\0001\040\023\0001\0004\0002\0001\0008\000.\040\023\0001\0009\000.\000\040\000P\000e\000n\000t\000a\000d\000s}{section.1.7}% 31
\BOOKMARK [1][-]{section.1.8}{\376\377\0008\000\040\000\247\0001\0004\0003\040\023\0001\0006\0001\000\050\000v\000i\000\051\000,\000\040\000\050\000v\000i\000i\000\051\000\040\000W\000h\000a\000t\000\040\000a\000r\000e\000\040\000t\000h\000e\000\040\000d\000e\000f\000i\000l\000i\000n\000g\000\040\000a\000n\000d\000\040\000t\000h\000e\000\040\000c\000l\000e\000a\000n\000s\000i\000n\000g\000\040\000o\000f\000\040\000i\000t\000?}{chapter.1}% 32
\BOOKMARK [0][-]{chapter.2}{\376\377\000I\000I\000\040\000T\000h\000e\000\040\000A\000s\000c\000e\000t\000i\000c\000\040\000P\000r\000a\000c\000t\000i\000c\000e\000s}{part.1}% 33
\BOOKMARK [1][-]{section.2.1}{\376\377\0001\000\040\000\247\0002\040\023\0003\000T\000h\000e\000\040\0001\0003\000\040\000k\000i\000n\000d\000s\000\040\000o\000f\000\040\000A\000s\000c\000e\000t\000i\000c\000\040\000P\000r\000a\000c\000t\000i\000c\000e\000s}{chapter.2}% 34
\BOOKMARK [1][-]{section.2.2}{\376\377\0002\000\040\000\247\0004\040\023\0001\0001\000M\000e\000a\000n\000i\000n\000g}{chapter.2}% 35
\BOOKMARK [1][-]{section.2.3}{\376\377\0003\000\040\000\247\0001\0002\040\023\0001\0003\000C\000h\000a\000r\000a\000c\000t\000e\000r\000i\000s\000t\000i\000c}{chapter.2}% 36
\BOOKMARK [1][-]{section.2.4}{\376\377\0004\000\040\000\247\0001\0004\040\023\0007\0007\000U\000n\000d\000e\000r\000t\000a\000k\000i\000n\000g\000,\000\040\000d\000i\000r\000e\000c\000t\000i\000o\000n\000s\000,\000\040\000e\000t\000c\000.}{chapter.2}% 37
\BOOKMARK [2][-]{subsection.2.4.1}{\376\377\0004\000.\0001\000\040\000\247\0001\0004\040\023\0002\0002\000R\000e\000f\000u\000s\000e\000-\000r\000a\000g\000-\000w\000e\000a\000r\000e\000r}{section.2.4}% 38
\BOOKMARK [2][-]{subsection.2.4.2}{\376\377\0004\000.\0002\000\040\000\247\0002\0003\040\023\0002\0006\000T\000r\000i\000p\000l\000e\000-\000r\000o\000b\000e\000-\000w\000e\000a\000r\000e\000r}{section.2.4}% 39
\BOOKMARK [2][-]{subsection.2.4.3}{\376\377\0004\000.\0003\000\040\000\247\0002\0007\040\023\0003\0000\000A\000l\000m\000s\000-\000f\000o\000o\000d\000-\000e\000a\000t\000e\000r}{section.2.4}% 40
\BOOKMARK [2][-]{subsection.2.4.4}{\376\377\0004\000.\0004\000\040\000\247\0003\0001\040\023\0003\0004\000H\000o\000u\000s\000e\000-\000t\000o\000-\000h\000o\000u\000s\000e\000\040\000s\000e\000e\000k\000e\000r}{section.2.4}% 41
\BOOKMARK [2][-]{subsection.2.4.5}{\376\377\0004\000.\0005\000\040\000\247\0003\0005\040\023\0003\0008\000O\000n\000e\000-\000s\000e\000s\000s\000i\000o\000n\000e\000r}{section.2.4}% 42
\BOOKMARK [2][-]{subsection.2.4.6}{\376\377\0004\000.\0006\000\040\000\247\0003\0009\040\023\0004\0002\000B\000o\000w\000l\000-\000f\000o\000o\000d\000-\000e\000a\000t\000e\000r}{section.2.4}% 43
\BOOKMARK [2][-]{subsection.2.4.7}{\376\377\0004\000.\0007\000\040\000\247\0004\0003\040\023\0004\0006\000L\000a\000t\000e\000-\000f\000o\000o\000d\000-\000r\000e\000f\000u\000s\000e\000r}{section.2.4}% 44
\BOOKMARK [2][-]{subsection.2.4.8}{\376\377\0004\000.\0008\000\040\000\247\0004\0007\040\023\0005\0005\000F\000o\000r\000e\000s\000t\000-\000d\000w\000e\000l\000l\000e\000r}{section.2.4}% 45
\BOOKMARK [2][-]{subsection.2.4.9}{\376\377\0004\000.\0009\000\040\000\247\0005\0006\040\023\0005\0009\000T\000r\000e\000e\000-\000r\000o\000o\000t\000-\000d\000w\000e\000l\000l\000e\000r}{section.2.4}% 46
\BOOKMARK [2][-]{subsection.2.4.10}{\376\377\0004\000.\0001\0000\000\040\000\247\0006\0000\040\023\0006\0003\000O\000p\000e\000n\000-\000a\000i\000r\000-\000d\000w\000e\000l\000l\000e\000r}{section.2.4}% 47
\BOOKMARK [2][-]{subsection.2.4.11}{\376\377\0004\000.\0001\0001\000\040\000\247\0006\0004\040\023\0006\0008\000C\000h\000a\000r\000n\000e\000l\000-\000g\000r\000o\000u\000d\000-\000d\000w\000e\000l\000l\000e\000r}{section.2.4}% 48
\BOOKMARK [2][-]{subsection.2.4.12}{\376\377\0004\000.\0001\0002\000\040\000\247\0006\0009\040\023\0007\0002\000A\000n\000y\000-\000b\000e\000d\000-\000u\000s\000e\000r}{section.2.4}% 49
\BOOKMARK [2][-]{subsection.2.4.13}{\376\377\0004\000.\0001\0003\000\040\000\247\0007\0003\040\023\0007\0007\000S\000i\000t\000t\000e\000r}{section.2.4}% 50
\BOOKMARK [1][-]{section.2.5}{\376\377\0005\000\040\000\247\0007\0008\040\023\0007\0009\000P\000r\000o\000f\000i\000t\000a\000b\000l\000e\000\040\000t\000r\000i\000a\000d}{chapter.2}% 51
\BOOKMARK [1][-]{section.2.6}{\376\377\0006\000\040\000\247\0008\0000\040\023\0008\0006\000A\000s\000c\000e\000t\000i\000c\000\040\000a\000n\000d\000\040\000s\000o\000\040\000o\000n\000\040\000d\000i\000s\000t\000i\000n\000g\000u\000i\000s\000h\000e\000d}{chapter.2}% 52
\BOOKMARK [1][-]{section.2.7}{\376\377\0007\000\040\000\247\0008\0007\040\023\0008\0009\000G\000r\000o\000u\000p\000s}{chapter.2}% 53
\BOOKMARK [1][-]{section.2.8}{\376\377\0008\000\040\000\247\0009\0000\040\023\0009\0003\000S\000i\000n\000g\000l\000y}{chapter.2}% 54
\BOOKMARK [-1][-]{part.2}{\376\377\000P\000a\000r\000t\000\040\000I\000I\000\040\000C\000o\000n\000c\000e\000n\000t\000r\000a\000t\000i\000o\000n\000\040\000\050\000S\000a\000m\001\001\000d\000h\000i\000\051}{}% 55
\BOOKMARK [0][-]{chapter.3}{\376\377\000I\000I\000I\000\040\000T\000a\000k\000i\000n\000g\000\040\000a\000\040\000M\000e\000d\000i\000t\000a\000t\000i\000o\000n\000\040\000S\000u\000b\000j\000e\000c\000t}{part.2}% 56
\BOOKMARK [1][-]{section.3.1}{\376\377\0001\000\040\000\247\0002\000\050\000i\000\051\000\040\000W\000h\000a\000t\000\040\000i\000s\000\040\000c\000o\000n\000c\000e\000n\000t\000r\000a\000t\000i\000o\000n\000?}{chapter.3}% 57
\BOOKMARK [1][-]{section.3.2}{\376\377\0002\000\040\000\247\0003\000\050\000i\000i\000\051\000\040\000I\000n\000\040\000w\000h\000a\000t\000\040\000s\000e\000n\000s\000e\000\040\000i\000s\000\040\000i\000t\000\040\000c\000o\000n\000c\000e\000n\000t\000r\000a\000t\000i\000o\000n\000?}{chapter.3}% 58
\BOOKMARK [1][-]{section.3.3}{\376\377\0003\000\040\000\247\0004\000\050\000i\000i\000i\000\051\000\040\000W\000h\000a\000t\000\040\000a\000r\000e\000\040\000i\000t\000s\000\040\000c\000h\000a\000r\000a\000c\000t\000e\000r\000i\000s\000t\000i\000c\000,\000\040\000e\000t\000c\000.\000?}{chapter.3}% 59
\BOOKMARK [1][-]{section.3.4}{\376\377\0004\000\040\000\247\0005\040\023\0002\0005\000\050\000i\000v\000\051\000\040\000H\000o\000w\000\040\000m\000a\000n\000y\000\040\000k\000i\000n\000d\000s\000\040\000o\000f\000\040\000c\000o\000n\000c\000e\000n\000t\000r\000a\000t\000i\000o\000n\000\040\000a\000r\000e\000\040\000t\000h\000e\000r\000e\000?}{chapter.3}% 60
\BOOKMARK [1][-]{section.3.5}{\376\377\0005\000\040\000\247\0002\0006\000\050\000v\000\051\000,\000\040\000\050\000v\000i\000\051\000\040\000W\000h\000a\000t\000\040\000a\000r\000e\000\040\000t\000h\000e\000\040\000d\000e\000f\000i\000l\000i\000n\000g\000\040\000a\000n\000d\000\040\000t\000h\000e\000\040\000c\000l\000e\000a\000n\000s\000i\000n\000g\000\040\000o\000f\000\040\000i\000t\000?}{chapter.3}% 61
\BOOKMARK [1][-]{section.3.6}{\376\377\0006\000\040\000\247\0002\0007\000\050\000v\000i\000i\000\051\000\040\000H\000o\000w\000\040\000i\000s\000\040\000i\000t\000\040\000d\000e\000v\000e\000l\000o\000p\000e\000d\000?}{chapter.3}% 62
\BOOKMARK [1][-]{section.3.7}{\376\377\0007\000\040\000\247\0002\0007\040\023\0002\0008\000A\000.\000\040\000D\000e\000v\000e\000l\000o\000p\000m\000e\000n\000t\000\040\000i\000n\000\040\000B\000r\000i\000e\000f}{chapter.3}% 63
\BOOKMARK [1][-]{section.3.8}{\376\377\0008\000\040\000\247\0002\0009\040\023\0001\0003\0003\000B\000.\000\040\000D\000e\000v\000e\000l\000o\000p\000m\000e\000n\000t\000\040\000i\000n\000\040\000D\000e\000t\000a\000i\000l}{chapter.3}% 64
\BOOKMARK [2][-]{subsection.3.8.1}{\376\377\0008\000.\0001\000\040\000\247\0002\0009\040\023\0005\0006\000T\000h\000e\000\040\000t\000e\000n\000\040\000i\000m\000p\000e\000d\000i\000m\000e\000n\000t\000s}{section.3.8}% 65
\BOOKMARK [2][-]{subsection.3.8.2}{\376\377\0008\000.\0002\000\040\000\247\0005\0007\040\023\0006\0000\000M\000e\000d\000i\000t\000a\000t\000i\000o\000n\000\040\000s\000u\000b\000j\000e\000c\000t\000s\000\040\000e\000t\000c\000.}{section.3.8}% 66
\BOOKMARK [2][-]{subsection.3.8.3}{\376\377\0008\000.\0003\000\040\000\247\0006\0001\040\023\0007\0003\000T\000h\000e\000\040\000g\000o\000o\000d\000\040\000f\000r\000i\000e\000n\000d}{section.3.8}% 67
\BOOKMARK [2][-]{subsection.3.8.4}{\376\377\0008\000.\0004\000\040\000\247\0007\0004\040\023\0001\0000\0002\000T\000e\000m\000p\000e\000r\000a\000m\000e\000n\000t\000s}{section.3.8}% 68
\BOOKMARK [3][-]{subsubsection.3.8.4.1}{\376\377\0008\000.\0004\000.\0001\000\040\000\247\0008\0000\040\023\0008\0006\000S\000o\000u\000r\000c\000e\000\040\000o\000f\000\040\000t\000e\000m\000p\000e\000r\000a\000m\000e\000n\000t\000s}{subsection.3.8.4}% 69
\BOOKMARK [3][-]{subsubsection.3.8.4.2}{\376\377\0008\000.\0004\000.\0002\000\040\000\247\0008\0007\040\023\0009\0006\000R\000e\000c\000o\000g\000n\000i\000t\000i\000o\000n\000\040\000o\000f\000\040\000t\000e\000m\000p\000e\000r\000a\000m\000e\000n\000t}{subsection.3.8.4}% 70
\BOOKMARK [3][-]{subsubsection.3.8.4.3}{\376\377\0008\000.\0004\000.\0003\000\040\000\247\0009\0007\040\023\0001\0000\0002\000W\000h\000a\000t\000\040\000s\000u\000i\000t\000s\000\040\000o\000n\000e\000\040\000o\000f\000\040\000w\000h\000a\000t\000\040\000k\000i\000n\000d\000\040\000o\000f\000\040\000t\000e\000m\000p\000e\000r\000a\000m\000e\000n\000t\000?}{subsection.3.8.4}% 71
\BOOKMARK [2][-]{subsection.3.8.5}{\376\377\0008\000.\0005\000\040\000\247\0001\0000\0003\040\023\0001\0002\0002\000D\000e\000f\000i\000n\000i\000t\000i\000o\000n\000\040\000o\000f\000\040\000m\000e\000d\000i\000t\000a\000t\000i\000o\000n\000\040\000s\000u\000b\000j\000e\000c\000t\000s}{section.3.8}% 72
\BOOKMARK [2][-]{subsection.3.8.6}{\376\377\0008\000.\0006\000\040\000\247\0001\0002\0003\040\023\0001\0002\0009\000S\000e\000l\000f\000-\000d\000e\000d\000i\000c\000a\000t\000i\000o\000n}{section.3.8}% 73
\BOOKMARK [2][-]{subsection.3.8.7}{\376\377\0008\000.\0007\000\040\000\247\0001\0003\0000\040\023\0001\0003\0003\000W\000a\000y\000s\000\040\000o\000f\000\040\000e\000x\000p\000o\000u\000n\000d\000i\000n\000g}{section.3.8}% 74
\BOOKMARK [0][-]{chapter.4}{\376\377\000I\000V\000\040\000T\000h\000e\000\040\000E\000a\000r\000t\000h\000\040\000K\000a\000s\000i\036\107\000a}{part.2}% 75
\BOOKMARK [1][-]{section.4.1}{\376\377\0001\000\040\000\247\0002\040\023\0001\0008\000T\000h\000e\000\040\000e\000i\000g\000h\000t\000e\000e\000n\000\040\000f\000a\000u\000l\000t\000s\000\040\000o\000f\000\040\000a\000\040\000m\000o\000n\000a\000s\000t\000e\000r\000y}{chapter.4}% 76
\BOOKMARK [1][-]{section.4.2}{\376\377\0002\000\040\000\247\0001\0009\000T\000h\000e\000\040\000f\000i\000v\000e\000\040\000f\000a\000c\000t\000o\000r\000s\000\040\000o\000f\000\040\000t\000h\000e\000\040\000r\000e\000s\000t\000i\000n\000g\000\040\000p\000l\000a\000c\000e}{chapter.4}% 77
\BOOKMARK [1][-]{section.4.3}{\376\377\0003\000\040\000\247\0002\0000\000T\000h\000e\000\040\000l\000e\000s\000s\000e\000r\000\040\000i\000m\000p\000e\000d\000i\000m\000e\000n\000t\000s}{chapter.4}% 78
\BOOKMARK [1][-]{section.4.4}{\376\377\0004\000\040\000\247\0002\0001\000D\000e\000t\000a\000i\000l\000e\000d\000\040\000i\000n\000s\000t\000r\000u\000c\000t\000i\000o\000n\000s\000\040\000f\000o\000r\000\040\000d\000e\000v\000e\000l\000o\000p\000m\000e\000n\000t}{chapter.4}% 79
\BOOKMARK [1][-]{section.4.5}{\376\377\0005\000\040\000\247\0002\0002\040\023\0003\0001\000T\000h\000e\000\040\000e\000a\000r\000t\000h\000\040\000k\000a\000s\000i\036\107\000a}{chapter.4}% 80
\BOOKMARK [2][-]{subsection.4.5.1}{\376\377\0005\000.\0001\000\040\000\247\0002\0004\040\023\0002\0006\000M\000a\000k\000i\000n\000g\000\040\000a\000n\000\040\000e\000a\000r\000t\000h\000\040\000k\000a\000s\000i\036\107\000a}{section.4.5}% 81
\BOOKMARK [2][-]{subsection.4.5.2}{\376\377\0005\000.\0002\000\040\000\247\0002\0007\040\023\0003\0000\000S\000t\000a\000r\000t\000i\000n\000g\000\040\000c\000o\000n\000t\000e\000m\000p\000l\000a\000t\000i\000o\000n}{section.4.5}% 82
\BOOKMARK [2][-]{subsection.4.5.3}{\376\377\0005\000.\0003\000\040\000\247\0003\0001\000T\000h\000e\000\040\000c\000o\000u\000n\000t\000e\000r\000p\000a\000r\000t\000\040\000s\000i\000g\000n}{section.4.5}% 83
\BOOKMARK [1][-]{section.4.6}{\376\377\0006\000\040\000\247\0003\0002\040\023\0003\0003\000T\000h\000e\000\040\000t\000w\000o\000\040\000k\000i\000n\000d\000s\000\040\000o\000f\000\040\000c\000o\000n\000c\000e\000n\000t\000r\000a\000t\000i\000o\000n}{chapter.4}% 84
\BOOKMARK [1][-]{section.4.7}{\376\377\0007\000\040\000\247\0003\0004\040\023\0004\0001\000G\000u\000a\000r\000d\000i\000n\000g\000\040\000t\000h\000e\000\040\000s\000i\000g\000n}{chapter.4}% 85
\BOOKMARK [1][-]{section.4.8}{\376\377\0008\000\040\000\247\0004\0002\040\023\0006\0005\000T\000h\000e\000\040\000t\000e\000n\000\040\000k\000i\000n\000d\000s\000\040\000o\000f\000\040\000s\000k\000i\000l\000l\000\040\000i\000n\000\040\000a\000b\000s\000o\000r\000p\000t\000i\000o\000n}{chapter.4}% 86
\BOOKMARK [1][-]{section.4.9}{\376\377\0009\000\040\000\247\0006\0006\040\023\0007\0003\000B\000a\000l\000a\000n\000c\000i\000n\000g\000\040\000t\000h\000e\000\040\000e\000f\000f\000o\000r\000t}{chapter.4}% 87
\BOOKMARK [2][-]{subsection.4.9.1}{\376\377\0009\000.\0001\000\040\000\247\0006\0007\040\023\0007\0003\000T\000h\000e\000\040\000f\000i\000v\000e\000\040\000s\000i\000m\000i\000l\000e\000s}{section.4.9}% 88
\BOOKMARK [1][-]{section.4.10}{\376\377\0001\0000\000\040\000\247\0007\0004\040\023\0007\0008\000A\000b\000s\000o\000r\000p\000t\000i\000o\000n\000\040\000i\000n\000\040\000t\000h\000e\000\040\000c\000o\000g\000n\000i\000t\000i\000v\000e\000\040\000s\000e\000r\000i\000e\000s}{chapter.4}% 89
\BOOKMARK [1][-]{section.4.11}{\376\377\0001\0001\000\040\000\247\0007\0009\040\023\0001\0002\0006\000T\000h\000e\000\040\000f\000i\000r\000s\000t\000\040\000j\000h\001\001\000n\000a}{chapter.4}% 90
\BOOKMARK [1][-]{section.4.12}{\376\377\0001\0002\000\040\000\247\0001\0002\0006\040\023\0001\0003\0000\000E\000x\000t\000e\000n\000s\000i\000o\000n\000\040\000o\000f\000\040\000t\000h\000e\000\040\000s\000i\000g\000n}{chapter.4}% 91
\BOOKMARK [1][-]{section.4.13}{\376\377\0001\0003\000\040\000\247\0001\0003\0001\040\023\0001\0003\0008\000M\000a\000s\000t\000e\000r\000y\000\040\000i\000n\000\040\000f\000i\000v\000e\000\040\000w\000a\000y\000s}{chapter.4}% 92
\BOOKMARK [1][-]{section.4.14}{\376\377\0001\0004\000\040\000\247\0001\0003\0009\040\023\0001\0005\0002\000T\000h\000e\000\040\000s\000e\000c\000o\000n\000d\000\040\000j\000h\001\001\000n\000a}{chapter.4}% 93
\BOOKMARK [1][-]{section.4.15}{\376\377\0001\0005\000\040\000\247\0001\0005\0003\040\023\0001\0008\0002\000T\000h\000e\000\040\000t\000h\000i\000r\000d\000\040\000j\000h\001\001\000n\000a}{chapter.4}% 94
\BOOKMARK [1][-]{section.4.16}{\376\377\0001\0006\000\040\000\247\0001\0008\0003\040\023\0001\0009\0007\000T\000h\000e\000\040\000f\000o\000u\000r\000t\000h\000\040\000j\000h\001\001\000n\000a}{chapter.4}% 95
\BOOKMARK [1][-]{section.4.17}{\376\377\0001\0007\000\040\000\247\0001\0009\0008\040\023\0002\0000\0002\000T\000h\000e\000\040\000f\000i\000v\000e\000f\000o\000l\000d\000\040\000r\000e\000c\000k\000o\000n\000i\000n\000g\000\040\000o\000f\000\040\000j\000h\001\001\000n\000a}{chapter.4}% 96
\BOOKMARK [0][-]{chapter.5}{\376\377\000V\000\040\000T\000h\000e\000\040\000R\000e\000m\000a\000i\000n\000i\000n\000g\000\040\000K\000a\000s\000i\036\107\000a\000s}{part.2}% 97
\BOOKMARK [1][-]{section.5.1}{\376\377\0001\000\040\000\247\0001\040\023\0004\000T\000h\000e\000\040\000W\000a\000t\000e\000r\000\040\000K\000a\000s\000i\036\107\000a}{chapter.5}% 98
\BOOKMARK [1][-]{section.5.2}{\376\377\0002\000\040\000\247\0005\040\023\0008\000T\000h\000e\000\040\000F\000i\000r\000e\000\040\000K\000a\000s\000i\036\107\000a}{chapter.5}% 99
\BOOKMARK [1][-]{section.5.3}{\376\377\0003\000\040\000\247\0009\040\023\0001\0001\000T\000h\000e\000\040\000A\000i\000r\000\040\000K\000a\000s\000i\036\107\000a}{chapter.5}% 100
\BOOKMARK [1][-]{section.5.4}{\376\377\0004\000\040\000\247\0001\0002\040\023\0001\0004\000T\000h\000e\000\040\000B\000l\000u\000e\000\040\000K\000a\000s\000i\036\107\000a}{chapter.5}% 101
\BOOKMARK [1][-]{section.5.5}{\376\377\0005\000\040\000\247\0001\0005\040\023\0001\0006\000T\000h\000e\000\040\000Y\000e\000l\000l\000o\000w\000\040\000K\000a\000s\000i\036\107\000a}{chapter.5}% 102
\BOOKMARK [1][-]{section.5.6}{\376\377\0006\000\040\000\247\0001\0007\040\023\0001\0008\000T\000h\000e\000\040\000R\000e\000d\000\040\000K\000a\000s\000i\036\107\000a}{chapter.5}% 103
\BOOKMARK [1][-]{section.5.7}{\376\377\0007\000\040\000\247\0001\0009\040\023\0002\0000\000T\000h\000e\000\040\000W\000h\000i\000t\000e\000\040\000K\000a\000s\000i\036\107\000a}{chapter.5}% 104
\BOOKMARK [1][-]{section.5.8}{\376\377\0008\000\040\000\247\0002\0001\040\023\0002\0003\000T\000h\000e\000\040\000L\000i\000g\000h\000t\000\040\000K\000a\000s\000i\036\107\000a}{chapter.5}% 105
\BOOKMARK [1][-]{section.5.9}{\376\377\0009\000\040\000\247\0002\0004\040\023\0002\0006\000T\000h\000e\000\040\000L\000i\000m\000i\000t\000e\000d\000-\000S\000p\000a\000c\000e\000\040\000K\000a\000s\000i\036\107\000a}{chapter.5}% 106
\BOOKMARK [1][-]{section.5.10}{\376\377\0001\0000\000\040\000\247\0002\0007\040\023\0004\0002\000G\000e\000n\000e\000r\000a\000l}{chapter.5}% 107
\BOOKMARK [0][-]{chapter.6}{\376\377\000V\000I\000\040\000F\000o\000u\000l\000n\000e\000s\000s\000\040\000a\000s\000\040\000a\000\040\000M\000e\000d\000i\000t\000a\000t\000i\000o\000n\000\040\000S\000u\000b\000j\000e\000c\000t}{part.2}% 108
\BOOKMARK [1][-]{section.6.1}{\376\377\0001\000\040\000\247\0001\040\023\0001\0001\000G\000e\000n\000e\000r\000a\000l\000\040\000D\000e\000f\000i\000n\000i\000t\000i\000o\000n\000s}{chapter.6}% 109
\BOOKMARK [1][-]{section.6.2}{\376\377\0002\000\040\000\247\0001\0002\040\023\0006\0009\000T\000h\000e\000\040\000B\000l\000o\000a\000t\000e\000d}{chapter.6}% 110
\BOOKMARK [1][-]{section.6.3}{\376\377\0003\000\040\000\247\0007\0000\000T\000h\000e\000\040\000L\000i\000v\000i\000d}{chapter.6}% 111
\BOOKMARK [1][-]{section.6.4}{\376\377\0004\000\040\000\247\0007\0001\000T\000h\000e\000\040\000F\000e\000s\000t\000e\000r\000i\000n\000g}{chapter.6}% 112
\BOOKMARK [1][-]{section.6.5}{\376\377\0005\000\040\000\247\0007\0002\000T\000h\000e\000\040\000C\000u\000t\000\040\000U\000p}{chapter.6}% 113
\BOOKMARK [1][-]{section.6.6}{\376\377\0006\000\040\000\247\0007\0003\000T\000h\000e\000\040\000G\000n\000a\000w\000e\000d}{chapter.6}% 114
\BOOKMARK [1][-]{section.6.7}{\376\377\0007\000\040\000\247\0007\0004\000T\000h\000e\000\040\000S\000c\000a\000t\000t\000e\000r\000e\000d}{chapter.6}% 115
\BOOKMARK [1][-]{section.6.8}{\376\377\0008\000\040\000\247\0007\0005\000T\000h\000e\000\040\000H\000a\000c\000k\000e\000d\000\040\000a\000n\000d\000\040\000S\000c\000a\000t\000t\000e\000r\000e\000d}{chapter.6}% 116
\BOOKMARK [1][-]{section.6.9}{\376\377\0009\000\040\000\247\0007\0006\000T\000h\000e\000\040\000B\000l\000e\000e\000d\000i\000n\000g}{chapter.6}% 117
\BOOKMARK [1][-]{section.6.10}{\376\377\0001\0000\000\040\000\247\0007\0007\000T\000h\000e\000\040\000W\000o\000r\000m\000-\000I\000n\000f\000e\000s\000t\000e\000d}{chapter.6}% 118
\BOOKMARK [1][-]{section.6.11}{\376\377\0001\0001\000\040\000\247\0007\0008\040\023\0008\0002\000A\000\040\000S\000k\000e\000l\000e\000t\000o\000n}{chapter.6}% 119
\BOOKMARK [1][-]{section.6.12}{\376\377\0001\0002\000\040\000\247\0008\0003\040\023\0009\0004\000G\000e\000n\000e\000r\000a\000l}{chapter.6}% 120
\BOOKMARK [0][-]{chapter.7}{\376\377\000V\000I\000I\000\040\000S\000i\000x\000\040\000R\000e\000c\000o\000l\000l\000e\000c\000t\000i\000o\000n\000s}{part.2}% 121
\BOOKMARK [1][-]{section.7.1}{\376\377\0001\000\040\000\247\0002\040\023\0006\0007\000\050\0001\000\051\000\040\000R\000e\000c\000o\000l\000l\000e\000c\000t\000i\000o\000n\000\040\000o\000f\000\040\000t\000h\000e\000\040\000E\000n\000l\000i\000g\000h\000t\000e\000n\000e\000d\000\040\000O\000n\000e}{chapter.7}% 122
\BOOKMARK [2][-]{subsection.7.1.1}{\376\377\0001\000.\0001\000\040\000\247\0004\040\023\0007\000A\000c\000c\000o\000m\000p\000l\000i\000s\000h\000e\000d}{section.7.1}% 123
\BOOKMARK [2][-]{subsection.7.1.2}{\376\377\0001\000.\0002\000\040\000\247\0008\040\023\0002\0005\000D\000e\000p\000e\000n\000d\000e\000n\000t\000\040\000o\000r\000i\000g\000i\000n\000a\000t\000i\000o\000n}{section.7.1}% 124
\BOOKMARK [2][-]{subsection.7.1.3}{\376\377\0001\000.\0003\000\040\000\247\0002\0006\040\023\0002\0009\000F\000u\000l\000l\000y\000\040\000E\000n\000l\000i\000g\000h\000t\000e\000n\000e\000d}{section.7.1}% 125
\BOOKMARK [2][-]{subsection.7.1.4}{\376\377\0001\000.\0004\000\040\000\247\0003\0000\040\023\0003\0002\000E\000n\000d\000o\000w\000e\000d\000\040\000W\000i\000t\000h\000\040\000C\000l\000e\000a\000r\000\040\000V\000i\000s\000i\000o\000n\000\040\000a\000n\000d\000\040\000V\000i\000r\000t\000u\000o\000u\000s\000\040\000C\000o\000n\000d\000u\000c\000t}{section.7.1}% 126
\BOOKMARK [2][-]{subsection.7.1.5}{\376\377\0001\000.\0005\000\040\000\247\0003\0003\040\023\0003\0005\000S\000u\000b\000l\000i\000m\000e}{section.7.1}% 127
\BOOKMARK [2][-]{subsection.7.1.6}{\376\377\0001\000.\0006\000\040\000\247\0003\0006\040\023\0004\0005\000K\000n\000o\000w\000e\000r\000\040\000o\000f\000\040\000W\000o\000r\000l\000d\000s}{section.7.1}% 128
\BOOKMARK [2][-]{subsection.7.1.7}{\376\377\0001\000.\0007\000\040\000\247\0004\0006\040\023\0004\0008\000I\000n\000c\000o\000m\000p\000a\000r\000a\000b\000l\000e\000\040\000L\000e\000a\000d\000e\000r\000\040\000o\000f\000\040\000M\000e\000n\000\040\000t\000o\000\040\000b\000e\000\040\000T\000a\000m\000e\000d}{section.7.1}% 129
\BOOKMARK [2][-]{subsection.7.1.8}{\376\377\0001\000.\0008\000\040\000\247\0004\0009\040\023\0005\0001\000T\000e\000a\000c\000h\000e\000r\000\040\000o\000f\000\040\000G\000o\000d\000s\000\040\000a\000n\000d\000\040\000M\000e\000n}{section.7.1}% 130
\BOOKMARK [2][-]{subsection.7.1.9}{\376\377\0001\000.\0009\000\040\000\247\0005\0002\000E\000n\000l\000i\000g\000h\000t\000e\000n\000e\000d}{section.7.1}% 131
\BOOKMARK [2][-]{subsection.7.1.10}{\376\377\0001\000.\0001\0000\000\040\000\247\0005\0003\040\023\0006\0007\000B\000l\000e\000s\000s\000e\000d}{section.7.1}% 132
\BOOKMARK [1][-]{section.7.2}{\376\377\0002\000\040\000\247\0006\0008\040\023\0008\0008\000\050\0002\000\051\000\040\000R\000e\000c\000o\000l\000l\000e\000c\000t\000i\000o\000n\000\040\000o\000f\000\040\000t\000h\000e\000\040\000D\000h\000a\000m\000m\000a}{chapter.7}% 133
\BOOKMARK [2][-]{subsection.7.2.1}{\376\377\0002\000.\0001\000\040\000\247\0006\0009\040\023\0007\0005\000W\000e\000l\000l\000\040\000P\000r\000o\000c\000l\000a\000i\000m\000e\000d}{section.7.2}% 134
\BOOKMARK [2][-]{subsection.7.2.2}{\376\377\0002\000.\0002\000\040\000\247\0007\0006\040\023\0007\0009\000V\000i\000s\000i\000b\000l\000e\000\040\000H\000e\000r\000e\000\040\000a\000n\000d\000\040\000N\000o\000w}{section.7.2}% 135
\BOOKMARK [2][-]{subsection.7.2.3}{\376\377\0002\000.\0003\000\040\000\247\0008\0000\040\023\0008\0001\000N\000o\000t\000\040\000D\000e\000l\000a\000y\000e\000d}{section.7.2}% 136
\BOOKMARK [2][-]{subsection.7.2.4}{\376\377\0002\000.\0004\000\040\000\247\0008\0002\000I\000n\000v\000i\000t\000i\000n\000g\000\040\000o\000f\000\040\000I\000n\000s\000p\000e\000c\000t\000i\000o\000n}{section.7.2}% 137
\BOOKMARK [2][-]{subsection.7.2.5}{\376\377\0002\000.\0005\000\040\000\247\0008\0003\040\023\0008\0004\000O\000n\000w\000a\000r\000d\000-\000L\000e\000a\000d\000i\000n\000g}{section.7.2}% 138
\BOOKMARK [2][-]{subsection.7.2.6}{\376\377\0002\000.\0006\000\040\000\247\0008\0005\040\023\0008\0008\000I\000s\000\040\000D\000i\000r\000e\000c\000t\000l\000y\000\040\000E\000x\000p\000e\000r\000i\000e\000n\000c\000e\000a\000b\000l\000e\000\040\000b\000y\000\040\000t\000h\000e\000\040\000W\000i\000s\000e}{section.7.2}% 139
\BOOKMARK [1][-]{section.7.3}{\376\377\0003\000\040\000\247\0008\0009\040\023\0001\0000\0000\000\050\0003\000\051\000\040\000R\000e\000c\000o\000l\000l\000e\000c\000t\000i\000o\000n\000\040\000o\000f\000\040\000t\000h\000e\000\040\000S\000a\036\105\000g\000h\000a}{chapter.7}% 140
\BOOKMARK [2][-]{subsection.7.3.1}{\376\377\0003\000.\0001\000\040\000\247\0009\0000\040\023\0009\0003\000E\000n\000t\000e\000r\000e\000d\000\040\000o\000n\000\040\000t\000h\000e\000\040\000G\000o\000o\000d\000,\000\040\000S\000t\000r\000a\000i\000g\000h\000t\000,\000\040\000T\000r\000u\000e\000,\000\040\000P\000r\000o\000p\000e\000r\000\040\000W\000a\000y}{section.7.3}% 141
\BOOKMARK [2][-]{subsection.7.3.2}{\376\377\0003\000.\0002\000\040\000\247\0009\0004\040\023\0009\0005\000F\000i\000t\000\040\000f\000o\000r\000\040\000G\000i\000f\000t\000s}{section.7.3}% 142
\BOOKMARK [2][-]{subsection.7.3.3}{\376\377\0003\000.\0003\000\040\000\247\0009\0006\000F\000i\000t\000\040\000f\000o\000r\000\040\000H\000o\000s\000p\000i\000t\000a\000l\000i\000t\000y}{section.7.3}% 143
\BOOKMARK [2][-]{subsection.7.3.4}{\376\377\0003\000.\0004\000\040\000\247\0009\0007\000F\000i\000t\000\040\000f\000o\000r\000\040\000O\000f\000f\000e\000r\000i\000n\000g}{section.7.3}% 144
\BOOKMARK [2][-]{subsection.7.3.5}{\376\377\0003\000.\0005\000\040\000\247\0009\0007\000F\000i\000t\000\040\000f\000o\000r\000\040\000S\000a\000l\000u\000t\000a\000t\000i\000o\000n}{section.7.3}% 145
\BOOKMARK [2][-]{subsection.7.3.6}{\376\377\0003\000.\0006\000\040\000\247\0009\0008\040\023\0001\0000\0000\000A\000s\000\040\000a\000n\000\040\000I\000n\000c\000o\000m\000p\000a\000r\000a\000b\000l\000e\000\040\000F\000i\000e\000l\000d\000\040\000o\000f\000\040\000M\000e\000r\000i\000t\000\040\000f\000o\000r\000\040\000t\000h\000e\000\040\000W\000o\000r\000l\000d}{section.7.3}% 146
\BOOKMARK [1][-]{section.7.4}{\376\377\0004\000\040\000\247\0001\0000\0001\040\023\0001\0000\0006\000\050\0004\000\051\000\040\000R\000e\000c\000o\000l\000l\000e\000c\000t\000i\000o\000n\000\040\000o\000f\000\040\000V\000i\000r\000t\000u\000e}{chapter.7}% 147
\BOOKMARK [1][-]{section.7.5}{\376\377\0005\000\040\000\247\0001\0000\0007\040\023\0001\0001\0004\000\050\0005\000\051\000\040\000R\000e\000c\000o\000l\000l\000e\000c\000t\000i\000o\000n\000\040\000o\000f\000\040\000G\000e\000n\000e\000r\000o\000s\000i\000t\000y}{chapter.7}% 148
\BOOKMARK [1][-]{section.7.6}{\376\377\0006\000\040\000\247\0001\0001\0005\040\023\0001\0001\0008\000\050\0006\000\051\000\040\000R\000e\000c\000o\000l\000l\000e\000c\000t\000i\000o\000n\000\040\000o\000f\000\040\000D\000e\000i\000t\000i\000e\000s}{chapter.7}% 149
\BOOKMARK [1][-]{section.7.7}{\376\377\0007\000\040\000\247\0001\0001\0009\040\023\0001\0002\0008\000G\000e\000n\000e\000r\000a\000l}{chapter.7}% 150
\BOOKMARK [0][-]{chapter.8}{\376\377\000V\000I\000I\000I\000\040\000O\000t\000h\000e\000r\000\040\000R\000e\000c\000o\000l\000l\000e\000c\000t\000i\000o\000n\000s\000\040\000a\000s\000\040\000M\000e\000d\000i\000t\000a\000t\000i\000o\000n\000\040\000S\000u\000b\000j\000e\000c\000t\000s}{part.2}% 151
\BOOKMARK [1][-]{section.8.1}{\376\377\0001\000\040\000\247\0001\040\023\0004\0001\000\050\0007\000\051\000\040\000M\000i\000n\000d\000f\000u\000l\000n\000e\000s\000s\000\040\000o\000f\000\040\000D\000e\000a\000t\000h}{chapter.8}% 152
\BOOKMARK [1][-]{section.8.2}{\376\377\0002\000\040\000\247\0004\0002\040\023\0001\0004\0004\000\050\0008\000\051\000\040\000M\000i\000n\000d\000f\000u\000l\000n\000e\000s\000s\000\040\000O\000c\000c\000u\000p\000i\000e\000d\000\040\000w\000i\000t\000h\000\040\000t\000h\000e\000\040\000B\000o\000d\000y}{chapter.8}% 153
\BOOKMARK [1][-]{section.8.3}{\376\377\0003\000\040\000\247\0001\0004\0005\040\023\0002\0004\0004\000\050\0009\000\051\000\040\000M\000i\000n\000d\000f\000u\000l\000n\000e\000s\000s\000\040\000o\000f\000\040\000B\000r\000e\000a\000t\000h\000i\000n\000g}{chapter.8}% 154
\BOOKMARK [1][-]{section.8.4}{\376\377\0004\000\040\000\247\0002\0004\0005\040\023\0002\0005\0001\000\050\0001\0000\000\051\000\040\000R\000e\000c\000o\000l\000l\000e\000c\000t\000i\000o\000n\000\040\000o\000f\000\040\000P\000e\000a\000c\000e}{chapter.8}% 155
\BOOKMARK [0][-]{chapter.9}{\376\377\000I\000X\000\040\000T\000h\000e\000\040\000D\000i\000v\000i\000n\000e\000\040\000A\000b\000i\000d\000i\000n\000g\000s}{part.2}% 156
\BOOKMARK [1][-]{section.9.1}{\376\377\0001\000\040\000\247\0001\040\023\0007\0006\000\050\0001\000\051\000\040\000L\000o\000v\000i\000n\000g\000-\000K\000i\000n\000d\000n\000e\000s\000s}{chapter.9}% 157
\BOOKMARK [2][-]{subsection.9.1.1}{\376\377\0001\000.\0001\000\040\000\247\0001\0004\040\023\0003\0009\000G\000e\000t\000t\000i\000n\000g\000\040\000R\000i\000d\000\040\000o\000f\000\040\000R\000e\000s\000e\000n\000t\000m\000e\000n\000t}{section.9.1}% 158
\BOOKMARK [2][-]{subsection.9.1.2}{\376\377\0001\000.\0002\000\040\000\247\0004\0000\040\023\0003\0009\000T\000h\000e\000\040\000B\000r\000e\000a\000k\000i\000n\000g\000\040\000D\000o\000w\000n\000\040\000o\000f\000\040\000t\000h\000e\000\040\000B\000a\000r\000r\000i\000e\000r\000s\040\024\000T\000h\000e\000\040\000S\000i\000g\000n}{section.9.1}% 159
\BOOKMARK [2][-]{subsection.9.1.3}{\376\377\0001\000.\0003\000\040\000\247\0004\0000\040\023\0007\0006\000T\000e\000x\000t\000s\000\040\000a\000n\000d\000\040\000C\000o\000m\000m\000e\000n\000t\000a\000r\000y}{section.9.1}% 160
\BOOKMARK [1][-]{section.9.2}{\376\377\0002\000\040\000\247\0007\0007\040\023\0008\0003\000\050\0002\000\051\000\040\000C\000o\000m\000p\000a\000s\000s\000i\000o\000n}{chapter.9}% 161
\BOOKMARK [1][-]{section.9.3}{\376\377\0003\000\040\000\247\0008\0004\040\023\0008\0007\000\050\0003\000\051\000\040\000G\000l\000a\000d\000n\000e\000s\000s}{chapter.9}% 162
\BOOKMARK [1][-]{section.9.4}{\376\377\0004\000\040\000\247\0008\0008\040\023\0009\0001\000\050\0004\000\051\000\040\000E\000q\000u\000a\000n\000i\000m\000i\000t\000y}{chapter.9}% 163
\BOOKMARK [1][-]{section.9.5}{\376\377\0005\000\040\000\247\0009\0002\040\023\0001\0002\0004\000G\000e\000n\000e\000r\000a\000l}{chapter.9}% 164
\BOOKMARK [2][-]{subsection.9.5.1}{\376\377\0005\000.\0001\000\040\000\247\0009\0002\000M\000e\000a\000n\000i\000n\000g\000s}{section.9.5}% 165
\BOOKMARK [2][-]{subsection.9.5.2}{\376\377\0005\000.\0002\000\040\000\247\0009\0003\040\023\0009\0006\000C\000h\000a\000r\000a\000c\000t\000e\000r\000i\000s\000t\000i\000c\000\040\000e\000t\000c\000.}{section.9.5}% 166
\BOOKMARK [2][-]{subsection.9.5.3}{\376\377\0005\000.\0003\000\040\000\247\0009\0007\000P\000u\000r\000p\000o\000s\000e}{section.9.5}% 167
\BOOKMARK [2][-]{subsection.9.5.4}{\376\377\0005\000.\0004\000\040\000\247\0009\0008\040\023\0001\0000\0001\000T\000h\000e\000\040\000N\000e\000a\000r\000\040\000a\000n\000d\000\040\000F\000a\000r\000\040\000E\000n\000e\000m\000i\000e\000s}{section.9.5}% 168
\BOOKMARK [2][-]{subsection.9.5.5}{\376\377\0005\000.\0005\000\040\000\247\0001\0000\0002\000T\000h\000e\000\040\000B\000e\000g\000i\000n\000n\000i\000n\000g\000,\000\040\000M\000i\000d\000d\000l\000e\000\040\000a\000n\000d\000\040\000E\000n\000d\000,\000\040\000E\000t\000c\000.}{section.9.5}% 169
\BOOKMARK [2][-]{subsection.9.5.6}{\376\377\0005\000.\0006\000\040\000\247\0001\0000\0003\000T\000h\000e\000\040\000O\000r\000d\000e\000r\000\040\000i\000n\000\040\000E\000x\000t\000e\000n\000s\000i\000o\000n}{section.9.5}% 170
\BOOKMARK [2][-]{subsection.9.5.7}{\376\377\0005\000.\0007\000\040\000\247\0001\0000\0004\000T\000h\000e\000\040\000O\000u\000t\000c\000o\000m\000e}{section.9.5}% 171
\BOOKMARK [2][-]{subsection.9.5.8}{\376\377\0005\000.\0008\000\040\000\247\0001\0000\0005\040\023\0001\0001\0000\000F\000o\000u\000r\000\040\000Q\000u\000e\000s\000t\000i\000o\000n\000s}{section.9.5}% 172
\BOOKMARK [2][-]{subsection.9.5.9}{\376\377\0005\000.\0009\000\040\000\247\0001\0001\0001\040\023\0001\0001\0008\000A\000s\000\040\000P\000r\000o\000d\000u\000c\000i\000n\000g\000\040\000T\000h\000r\000e\000e\000\040\000J\000h\001\001\000n\000a\000s\000\040\000a\000n\000d\000\040\000F\000o\000u\000r\000\040\000J\000h\001\001\000n\000a\000s}{section.9.5}% 173
\BOOKMARK [2][-]{subsection.9.5.10}{\376\377\0005\000.\0001\0000\000\040\000\247\0001\0001\0009\040\023\0001\0002\0004\000T\000h\000e\000\040\000H\000i\000g\000h\000e\000s\000t\000\040\000L\000i\000m\000i\000t\000\040\000o\000f\000\040\000E\000a\000c\000h}{section.9.5}% 174
\BOOKMARK [0][-]{chapter.10}{\376\377\000X\000\040\000T\000h\000e\000\040\000I\000m\000m\000a\000t\000e\000r\000i\000a\000l\000\040\000S\000t\000a\000t\000e\000s}{part.2}% 175
\BOOKMARK [1][-]{section.10.1}{\376\377\0001\000\040\000\247\0001\040\023\0002\0004\000\050\0001\000\051\000\040\000T\000h\000e\000\040\000B\000a\000s\000e\000\040\000C\000o\000n\000s\000i\000s\000t\000i\000n\000g\000\040\000o\000f\000\040\000B\000o\000u\000n\000d\000l\000e\000s\000s\000\040\000S\000p\000a\000c\000e}{chapter.10}% 176
\BOOKMARK [2][-]{subsection.10.1.1}{\376\377\0001\000.\0001\000\040\000\247\0001\0002\040\023\0002\0004\000T\000e\000x\000t\000\040\000a\000n\000d\000\040\000c\000o\000m\000m\000e\000n\000t\000a\000r\000y}{section.10.1}% 177
\BOOKMARK [1][-]{section.10.2}{\376\377\0002\000\040\000\247\0002\0005\040\023\0003\0001\000\050\0002\000\051\000\040\000T\000h\000e\000\040\000B\000a\000s\000e\000\040\000C\000o\000n\000s\000i\000s\000t\000i\000n\000g\000\040\000o\000f\000\040\000B\000o\000u\000n\000d\000l\000e\000s\000s\000\040\000C\000o\000n\000s\000c\000i\000o\000u\000s\000n\000e\000s\000s}{chapter.10}% 178
\BOOKMARK [2][-]{subsection.10.2.1}{\376\377\0002\000.\0001\000\040\000\247\0002\0007\040\023\0003\0001\000T\000e\000x\000t\000\040\000a\000n\000d\000\040\000c\000o\000m\000m\000e\000n\000t\000a\000r\000y}{section.10.2}% 179
\BOOKMARK [1][-]{section.10.3}{\376\377\0003\000\040\000\247\0003\0002\040\023\0003\0009\000\050\0003\000\051\000\040\000T\000h\000e\000\040\000B\000a\000s\000e\000\040\000C\000o\000n\000s\000i\000s\000t\000i\000n\000g\000\040\000o\000f\000\040\000N\000o\000t\000h\000i\000n\000g\000n\000e\000s\000s}{chapter.10}% 180
\BOOKMARK [2][-]{subsection.10.3.1}{\376\377\0003\000.\0001\000\040\000\247\0003\0006\040\023\0003\0009\000T\000e\000x\000t\000\040\000a\000n\000d\000\040\000c\000o\000m\000m\000e\000n\000t\000a\000r\000y}{section.10.3}% 181
\BOOKMARK [1][-]{section.10.4}{\376\377\0004\000\040\000\247\0004\0000\040\023\0005\0005\000\050\0004\000\051\000\040\000T\000h\000e\000\040\000B\000a\000s\000e\000\040\000C\000o\000n\000s\000i\000s\000t\000i\000n\000g\000\040\000o\000f\000\040\000N\000e\000i\000t\000h\000e\000r\000\040\000P\000e\000r\000c\000e\000p\000t\000i\000o\000n\000\040\000n\000o\000r\000\040\000N\000o\000n\000-\000P\000e\000r\000c\000e\000p\000t\000i\000o\000n}{chapter.10}% 182
\BOOKMARK [2][-]{subsection.10.4.1}{\376\377\0004\000.\0001\000\040\000\247\0004\0002\040\023\0005\0005\000T\000e\000x\000t\000\040\000a\000n\000d\000\040\000c\000o\000m\000m\000e\000n\000t\000a\000r\000y}{section.10.4}% 183
\BOOKMARK [1][-]{section.10.5}{\376\377\0005\000\040\000\247\0005\0006\040\023\0006\0006\000G\000e\000n\000e\000r\000a\000l}{chapter.10}% 184
\BOOKMARK [0][-]{chapter.11}{\376\377\000X\000I\000\040\000C\000o\000n\000c\000e\000n\000t\000r\000a\000t\000i\000o\000n\040\024\000C\000o\000n\000c\000l\000u\000s\000i\000o\000n\000:\000\040\000N\000u\000t\000r\000i\000m\000e\000n\000t\000\040\000a\000n\000d\000\040\000t\000h\000e\000\040\000E\000l\000e\000m\000e\000n\000t\000s}{part.2}% 185
\BOOKMARK [1][-]{section.11.1}{\376\377\0001\000\040\000\247\0001\040\023\0002\0006\000P\000e\000r\000c\000e\000p\000t\000i\000o\000n\000\040\000o\000f\000\040\000R\000e\000p\000u\000l\000s\000i\000v\000e\000n\000e\000s\000s\000\040\000i\000n\000\040\000N\000u\000t\000r\000i\000m\000e\000n\000t}{chapter.11}% 186
\BOOKMARK [1][-]{section.11.2}{\376\377\0002\000\040\000\247\0002\0007\040\023\0001\0001\0007\000D\000e\000f\000i\000n\000i\000n\000g\000\040\000o\000f\000\040\000T\000h\000e\000\040\000E\000l\000e\000m\000e\000n\000t\000s}{chapter.11}% 187
\BOOKMARK [2][-]{subsection.11.2.1}{\376\377\0002\000.\0001\000\040\000\247\0002\0007\000W\000o\000r\000d\000\040\000D\000e\000f\000i\000n\000i\000t\000i\000o\000n\000s}{section.11.2}% 188
\BOOKMARK [2][-]{subsection.11.2.2}{\376\377\0002\000.\0002\000\040\000\247\0002\0008\040\023\0003\0000\000T\000e\000x\000t\000s\000\040\000a\000n\000d\000\040\000C\000o\000m\000m\000e\000n\000t\000a\000r\000y\000\040\000i\000n\000\040\000B\000r\000i\000e\000f}{section.11.2}% 189
\BOOKMARK [2][-]{subsection.11.2.3}{\376\377\0002\000.\0003\000\040\000\247\0003\0001\040\023\0003\0008\000I\000n\000\040\000D\000e\000t\000a\000i\000l}{section.11.2}% 190
\BOOKMARK [2][-]{subsection.11.2.4}{\376\377\0002\000.\0004\000\040\000\247\0003\0009\040\023\0004\0004\000M\000e\000t\000h\000o\000d\000\040\000o\000f\000\040\000D\000e\000v\000e\000l\000o\000p\000m\000e\000n\000t\000\040\000i\000n\000\040\000B\000r\000i\000e\000f}{section.11.2}% 191
\BOOKMARK [2][-]{subsection.11.2.5}{\376\377\0002\000.\0005\000\040\000\247\0004\0005\040\023\0008\0005\000M\000e\000t\000h\000o\000d\000\040\000o\000f\000\040\000D\000e\000v\000e\000l\000o\000p\000m\000e\000n\000t\000\040\000i\000n\000\040\000D\000e\000t\000a\000i\000l}{section.11.2}% 192
\BOOKMARK [3][-]{subsubsection.11.2.5.1}{\376\377\0002\000.\0005\000.\0001\000\040\000\247\0004\0006\000\050\0001\000\051\000\040\000W\000i\000t\000h\000\040\000C\000o\000n\000s\000t\000i\000t\000u\000e\000n\000t\000s\000\040\000i\000n\000\040\000B\000r\000i\000e\000f}{subsection.11.2.5}% 193
\BOOKMARK [3][-]{subsubsection.11.2.5.2}{\376\377\0002\000.\0005\000.\0002\000\040\000\247\0004\0007\040\023\0008\0003\000\050\0002\000\051\000\040\000W\000i\000t\000h\000\040\000C\000o\000n\000s\000t\000i\000t\000u\000e\000n\000t\000s\000\040\000b\000y\000\040\000A\000n\000a\000l\000y\000s\000i\000s}{subsection.11.2.5}% 194
\BOOKMARK [3][-]{subsubsection.11.2.5.3}{\376\377\0002\000.\0005\000.\0003\000\040\000\247\0008\0004\000\050\0003\000\051\000\040\000W\000i\000t\000h\000\040\000C\000h\000a\000r\000a\000c\000t\000e\000r\000i\000s\000t\000i\000c\000s\000\040\000i\000n\000\040\000B\000r\000i\000e\000f}{subsection.11.2.5}% 195
\BOOKMARK [3][-]{subsubsection.11.2.5.4}{\376\377\0002\000.\0005\000.\0004\000\040\000\247\0008\0005\000\050\0004\000\051\000\040\000W\000i\000t\000h\000\040\000C\000h\000a\000r\000a\000c\000t\000e\000r\000i\000s\000t\000i\000c\000s\000\040\000b\000y\000\040\000A\000n\000a\000l\000y\000s\000i\000s}{subsection.11.2.5}% 196
\BOOKMARK [2][-]{subsection.11.2.6}{\376\377\0002\000.\0006\000\040\000\247\0008\0006\040\023\0001\0001\0007\000A\000d\000d\000i\000t\000i\000o\000n\000a\000l\000\040\000W\000a\000y\000s\000\040\000o\000f\000\040\000G\000i\000v\000i\000n\000g\000\040\000A\000t\000t\000e\000n\000t\000i\000o\000n}{section.11.2}% 197
\BOOKMARK [1][-]{section.11.3}{\376\377\0003\000\040\000\247\0001\0001\0008\040\023\0001\0002\0006\000D\000e\000v\000e\000l\000o\000p\000m\000e\000n\000t\000\040\000o\000f\000\040\000C\000o\000n\000c\000e\000n\000t\000r\000a\000t\000i\000o\000n\040\024\000C\000o\000n\000c\000l\000u\000s\000i\000o\000n}{chapter.11}% 198
\BOOKMARK [2][-]{subsection.11.3.1}{\376\377\0003\000.\0001\000\040\000\247\0001\0002\0000\040\023\0001\0002\0006\000T\000h\000e\000\040\000B\000e\000n\000e\000f\000i\000t\000s\000\040\000o\000f\000\040\000D\000e\000v\000e\000l\000o\000p\000i\000n\000g\000\040\000C\000o\000n\000c\000e\000n\000t\000r\000a\000t\000i\000o\000n}{section.11.3}% 199
\BOOKMARK [0][-]{chapter.12}{\376\377\000X\000I\000I\000\040\000T\000h\000e\000\040\000S\000u\000p\000e\000r\000n\000o\000r\000m\000a\000l\000\040\000P\000o\000w\000e\000r\000s}{part.2}% 200
\BOOKMARK [1][-]{section.12.1}{\376\377\0001\000\040\000\247\0001\000T\000h\000e\000\040\000B\000e\000n\000e\000f\000i\000t\000s\000\040\000o\000f\000\040\000C\000o\000n\000c\000e\000n\000t\000r\000a\000t\000i\000o\000n\000\040\000\050\000C\000o\000n\000t\000i\000n\000u\000e\000d\000\051}{chapter.12}% 201
\BOOKMARK [1][-]{section.12.2}{\376\377\0002\000\040\000\247\0002\000T\000h\000e\000\040\000f\000i\000v\000e\000\040\000k\000i\000n\000d\000s\000\040\000o\000f\000\040\000d\000i\000r\000e\000c\000t\000-\000k\000n\000o\000w\000l\000e\000d\000g\000e}{chapter.12}% 202
\BOOKMARK [1][-]{section.12.3}{\376\377\0003\000\040\000\247\0002\040\023\0001\0003\0009\000\050\0001\000\051\000\040\000T\000h\000e\000\040\000K\000i\000n\000d\000s\000\040\000o\000f\000\040\000S\000u\000p\000e\000r\000n\000o\000r\000m\000a\000l\000\040\000P\000o\000w\000e\000r}{chapter.12}% 203
\BOOKMARK [2][-]{subsection.12.3.1}{\376\377\0003\000.\0001\000\040\000\247\0004\0006\040\023\0001\0003\0007\000S\000u\000p\000e\000r\000n\000o\000r\000m\000a\000l\000\040\000p\000o\000w\000e\000r\000\040\000a\000s\000\040\000r\000e\000s\000o\000l\000v\000e}{section.12.3}% 204
\BOOKMARK [2][-]{subsection.12.3.2}{\376\377\0003\000.\0002\000\040\000\247\0001\0003\0007\040\023\0001\0003\0008\000S\000u\000p\000e\000r\000n\000o\000r\000m\000a\000l\000\040\000p\000o\000w\000e\000r\000\040\000a\000s\000\040\000t\000r\000a\000n\000s\000f\000o\000r\000m\000a\000t\000i\000o\000n}{section.12.3}% 205
\BOOKMARK [2][-]{subsection.12.3.3}{\376\377\0003\000.\0003\000\040\000\247\0001\0003\0009\000S\000u\000p\000e\000r\000n\000o\000r\000m\000a\000l\000\040\000p\000o\000w\000e\000r\000\040\000a\000s\000\040\000m\000i\000n\000d\000-\000m\000a\000d\000e\000\040\000b\000o\000d\000y}{section.12.3}% 206
\BOOKMARK [0][-]{chapter.13}{\376\377\000X\000I\000I\000I\000\040\000O\000t\000h\000e\000r\000\040\000D\000i\000r\000e\000c\000t\000-\000k\000n\000o\000w\000l\000e\000d\000g\000e\000s}{part.2}% 207
\BOOKMARK [1][-]{section.13.1}{\376\377\0001\000\040\000\247\0001\040\023\0007\000\050\0002\000\051\000\040\000T\000h\000e\000\040\000D\000i\000v\000i\000n\000e\000\040\000E\000a\000r\000\040\000E\000l\000e\000m\000e\000n\000t}{chapter.13}% 208
\BOOKMARK [1][-]{section.13.2}{\376\377\0002\000\040\000\247\0008\040\023\0001\0002\000\050\0003\000\051\000\040\000P\000e\000n\000e\000t\000r\000a\000t\000i\000o\000n\000\040\000o\000f\000\040\000M\000i\000n\000d\000s}{chapter.13}% 209
\BOOKMARK [1][-]{section.13.3}{\376\377\0003\000\040\000\247\0001\0003\040\023\0007\0001\000\050\0004\000\051\000\040\000R\000e\000c\000o\000l\000l\000e\000c\000t\000i\000o\000n\000\040\000o\000f\000\040\000P\000a\000s\000t\000\040\000L\000i\000v\000e\000s}{chapter.13}% 210
\BOOKMARK [1][-]{section.13.4}{\376\377\0004\000\040\000\247\0007\0002\040\023\0001\0000\0001\000\050\0005\000\051\000\040\000T\000h\000e\000\040\000D\000i\000v\000i\000n\000e\000\040\000E\000y\000e\040\024\000K\000n\000o\000w\000l\000e\000d\000g\000e\000\040\000o\000f\000\040\000P\000a\000s\000s\000i\000n\000g\000\040\000A\000w\000a\000y\000\040\000a\000n\000d\000\040\000R\000e\000a\000p\000p\000e\000a\000r\000a\000n\000c\000e\000\040\000o\000f\000\040\000B\000e\000i\000n\000g\000s}{chapter.13}% 211
\BOOKMARK [1][-]{section.13.5}{\376\377\0005\000\040\000\247\0001\0000\0002\040\023\0001\0002\0009\000G\000e\000n\000e\000r\000a\000l}{chapter.13}% 212
\BOOKMARK [-1][-]{part.3}{\376\377\000P\000a\000r\000t\000\040\000I\000I\000I\000\040\000U\000n\000d\000e\000r\000s\000t\000a\000n\000d\000i\000n\000g\000\040\000\050\000P\000a\000\361\000\361\001\001\000\051}{}% 213
\BOOKMARK [0][-]{chapter.14}{\376\377\000X\000I\000V\000\040\000T\000h\000e\000\040\000A\000g\000g\000r\000e\000g\000a\000t\000e\000s}{part.3}% 214
\BOOKMARK [1][-]{section.14.1}{\376\377\0001\000\040\000\247\0001\040\023\0002\000A\000.\000\040\000U\000n\000d\000e\000r\000s\000t\000a\000n\000d\000i\000n\000g}{chapter.14}% 215
\BOOKMARK [1][-]{section.14.2}{\376\377\0002\000\040\000\247\0002\040\023\0003\0002\000\050\000i\000\051\000\040\000W\000h\000a\000t\000\040\000i\000s\000\040\000u\000n\000d\000e\000r\000s\000t\000a\000n\000d\000i\000n\000g\000?}{chapter.14}% 216
\BOOKMARK [2][-]{subsection.14.2.1}{\376\377\0002\000.\0001\000\040\000\247\0003\040\023\0006\000\050\000i\000i\000\051\000\040\000I\000n\000\040\000w\000h\000a\000t\000\040\000s\000e\000n\000s\000e\000\040\000i\000s\000\040\000i\000t\000\040\000u\000n\000d\000e\000r\000s\000t\000a\000n\000d\000i\000n\000g\000?}{section.14.2}% 217
\BOOKMARK [2][-]{subsection.14.2.2}{\376\377\0002\000.\0002\000\040\000\247\0007\000\050\000i\000i\000i\000\051\000\040\000W\000h\000a\000t\000\040\000a\000r\000e\000\040\000i\000t\000s\000\040\000c\000h\000a\000r\000a\000c\000t\000e\000r\000i\000s\000t\000i\000c\000,\000\040\000e\000t\000c\000.\000?}{section.14.2}% 218
\BOOKMARK [2][-]{subsection.14.2.3}{\376\377\0002\000.\0003\000\040\000\247\0008\040\023\0003\0001\000\050\000i\000v\000\051\000\040\000H\000o\000w\000\040\000m\000a\000n\000y\000\040\000k\000i\000n\000d\000s\000\040\000o\000f\000\040\000u\000n\000d\000e\000r\000s\000t\000a\000n\000d\000i\000n\000g\000\040\000a\000r\000e\000\040\000t\000h\000e\000r\000e\000?}{section.14.2}% 219
\BOOKMARK [2][-]{subsection.14.2.4}{\376\377\0002\000.\0004\000\040\000\247\0003\0002\000\050\000v\000\051\000\040\000H\000o\000w\000\040\000i\000s\000\040\000i\000t\000\040\000d\000e\000v\000e\000l\000o\000p\000e\000d\000?}{section.14.2}% 220
\BOOKMARK [1][-]{section.14.3}{\376\377\0003\000\040\000\247\0003\0003\040\023\0001\0008\0004\000B\000.\000\040\000D\000e\000s\000c\000r\000i\000p\000t\000i\000o\000n\000\040\000o\000f\000\040\000t\000h\000e\000\040\000F\000i\000v\000e\000\040\000A\000g\000g\000r\000e\000g\000a\000t\000e\000s}{chapter.14}% 221
\BOOKMARK [2][-]{subsection.14.3.1}{\376\377\0003\000.\0001\000\040\000\247\0003\0004\040\023\0008\0000\000T\000h\000e\000\040\000M\000a\000t\000e\000r\000i\000a\000l\000i\000t\000y\000\040\000A\000g\000g\000r\000e\000g\000a\000t\000e}{section.14.3}% 222
\BOOKMARK [2][-]{subsection.14.3.2}{\376\377\0003\000.\0002\000\040\000\247\0008\0001\040\023\0001\0002\0004\000T\000h\000e\000\040\000C\000o\000n\000s\000c\000i\000o\000u\000s\000n\000e\000s\000s\000\040\000A\000g\000g\000r\000e\000g\000a\000t\000e}{section.14.3}% 223
\BOOKMARK [3][-]{subsubsection.14.3.2.1}{\376\377\0003\000.\0002\000.\0001\000\040\000\247\0008\0002\040\023\0001\0001\0000\000T\000h\000e\000\040\0008\0009\000\040\000K\000i\000n\000d\000s\000\040\000o\000f\000\040\000C\000o\000n\000s\000c\000i\000o\000u\000s\000n\000e\000s\000s\040\024\000s\000e\000e\000\040\000T\000a\000b\000l\000e\000\040\000I\000I\000I}{subsection.14.3.2}% 224
\BOOKMARK [3][-]{subsubsection.14.3.2.2}{\376\377\0003\000.\0002\000.\0002\000\040\000\247\0001\0001\0001\040\023\0001\0002\0004\000T\000h\000e\000\040\0001\0004\000\040\000M\000o\000d\000e\000s\000\040\000o\000f\000\040\000O\000c\000c\000u\000r\000r\000e\000n\000c\000e\000\040\000o\000f\000\040\000C\000o\000n\000s\000c\000i\000o\000u\000s\000n\000e\000s\000s}{subsection.14.3.2}% 225
\BOOKMARK [2][-]{subsection.14.3.3}{\376\377\0003\000.\0003\000\040\000\247\0001\0002\0005\040\023\0001\0002\0008\000T\000h\000e\000\040\000F\000e\000e\000l\000i\000n\000g\000\040\000A\000g\000g\000r\000e\000g\000a\000t\000e}{section.14.3}% 226
\BOOKMARK [2][-]{subsection.14.3.4}{\376\377\0003\000.\0004\000\040\000\247\0001\0002\0009\040\023\0001\0008\0004\000T\000h\000e\000\040\000P\000e\000r\000c\000e\000p\000t\000i\000o\000n\000\040\000A\000g\000g\000r\000e\000g\000a\000t\000e}{section.14.3}% 227
\BOOKMARK [3][-]{subsubsection.14.3.4.1}{\376\377\0003\000.\0004\000.\0001\000\040\000\247\0001\0003\0001\040\023\0001\0003\0002\000T\000h\000e\000\040\000F\000o\000r\000m\000a\000t\000i\000o\000n\000s\000\040\000A\000g\000g\000r\000e\000g\000a\000t\000e\040\024\000s\000e\000e\000\040\000T\000a\000b\000l\000e\000s\000\040\000I\000I\000\040\000\046\000\040\000I\000V}{subsection.14.3.4}% 228
\BOOKMARK [3][-]{subsubsection.14.3.4.2}{\376\377\0003\000.\0004\000.\0002\000\040\000\247\0001\0003\0003\040\023\0001\0008\0004\000A\000c\000c\000o\000r\000d\000i\000n\000g\000\040\000t\000o\000\040\000A\000s\000s\000o\000c\000i\000a\000t\000i\000o\000n\000\040\000w\000i\000t\000h\000\040\000C\000o\000n\000s\000c\000i\000o\000u\000s\000n\000e\000s\000s}{subsection.14.3.4}% 229
\BOOKMARK [1][-]{section.14.4}{\376\377\0004\000\040\000\247\0001\0008\0005\040\023\0002\0001\0000\000C\000.\000\040\000C\000l\000a\000s\000s\000i\000f\000i\000c\000a\000t\000i\000o\000n\000\040\000o\000f\000\040\000t\000h\000e\000\040\000A\000g\000g\000r\000e\000g\000a\000t\000e\000s}{chapter.14}% 230
\BOOKMARK [2][-]{subsection.14.4.1}{\376\377\0004\000.\0001\000\040\000\247\0001\0008\0006\040\023\0001\0009\0006\000M\000a\000t\000e\000r\000i\000a\000l\000i\000t\000y}{section.14.4}% 231
\BOOKMARK [2][-]{subsection.14.4.2}{\376\377\0004\000.\0002\000\040\000\247\0001\0009\0007\040\023\0002\0000\0009\000F\000e\000e\000l\000i\000n\000g}{section.14.4}% 232
\BOOKMARK [2][-]{subsection.14.4.3}{\376\377\0004\000.\0003\000\040\000\247\0002\0001\0000\000P\000e\000r\000c\000e\000p\000t\000i\000o\000n\000,\000\040\000F\000o\000r\000m\000a\000t\000i\000o\000n\000s\000\040\000a\000n\000d\000\040\000C\000o\000n\000s\000c\000i\000o\000u\000s\000n\000e\000s\000s}{section.14.4}% 233
\BOOKMARK [1][-]{section.14.5}{\376\377\0005\000\040\000\247\0002\0001\0000\040\023\0002\0002\0009\000D\000.\000\040\000C\000l\000a\000s\000s\000e\000s\000\040\000o\000f\000\040\000K\000n\000o\000w\000l\000e\000d\000g\000e\000\040\000o\000f\000\040\000t\000h\000e\000\040\000A\000g\000g\000r\000e\000g\000a\000t\000e\000s}{chapter.14}% 234
\BOOKMARK [0][-]{chapter.15}{\376\377\000X\000V\000\040\000T\000h\000e\000\040\000B\000a\000s\000e\000s\000\040\000a\000n\000d\000\040\000E\000l\000e\000m\000e\000n\000t\000s}{part.3}% 235
\BOOKMARK [1][-]{section.15.1}{\376\377\0001\000\040\000\247\0001\040\023\0001\0006\000A\000.\000\040\000D\000e\000s\000c\000r\000i\000p\000t\000i\000o\000n\000\040\000o\000f\000\040\000t\000h\000e\000\040\000B\000a\000s\000e\000s}{chapter.15}% 236
\BOOKMARK [1][-]{section.15.2}{\376\377\0002\000\040\000\247\0001\0007\040\023\0004\0003\000B\000.\000\040\000D\000e\000s\000c\000r\000i\000p\000t\000i\000o\000n\000\040\000o\000f\000\040\000t\000h\000e\000\040\000E\000l\000e\000m\000e\000n\000t\000s}{chapter.15}% 237
\BOOKMARK [0][-]{chapter.16}{\376\377\000X\000V\000I\000\040\000T\000h\000e\000\040\000F\000a\000c\000u\000l\000t\000i\000e\000s\000\040\000a\000n\000d\000\040\000T\000r\000u\000t\000h\000s}{part.3}% 238
\BOOKMARK [1][-]{section.16.1}{\376\377\0001\000\040\000\247\0001\040\023\0001\0002\000A\000.\000\040\000D\000e\000s\000c\000r\000i\000p\000t\000i\000o\000n\000\040\000o\000f\000\040\000t\000h\000e\000\040\000F\000a\000c\000u\000l\000t\000i\000e\000s}{chapter.16}% 239
\BOOKMARK [1][-]{section.16.2}{\376\377\0002\000\040\000\247\0001\0003\040\023\0008\0003\000B\000.\000\040\000D\000e\000s\000c\000r\000i\000p\000t\000i\000o\000n\000\040\000o\000f\000\040\000t\000h\000e\000\040\000T\000r\000u\000t\000h\000s}{chapter.16}% 240
\BOOKMARK [2][-]{subsection.16.2.1}{\376\377\0002\000.\0001\000\040\000\247\0003\0002\040\023\0006\0000\000T\000h\000e\000\040\000T\000r\000u\000t\000h\000\040\000o\000f\000\040\000S\000u\000f\000f\000e\000r\000i\000n\000g}{section.16.2}% 241
\BOOKMARK [3][-]{subsubsection.16.2.1.1}{\376\377\0002\000.\0001\000.\0001\000\040\000\247\0003\0002\040\023\0004\0003\000\050\000i\000\051\000\040\000B\000i\000r\000t\000h}{subsection.16.2.1}% 242
\BOOKMARK [3][-]{subsubsection.16.2.1.2}{\376\377\0002\000.\0001\000.\0002\000\040\000\247\0004\0004\040\023\0004\0005\000\050\000i\000i\000\051\000\040\000A\000g\000e\000i\000n\000g}{subsection.16.2.1}% 243
\BOOKMARK [3][-]{subsubsection.16.2.1.3}{\376\377\0002\000.\0001\000.\0003\000\040\000\247\0004\0006\040\023\0004\0007\000\050\000i\000i\000i\000\051\000\040\000D\000e\000a\000t\000h}{subsection.16.2.1}% 244
\BOOKMARK [3][-]{subsubsection.16.2.1.4}{\376\377\0002\000.\0001\000.\0004\000\040\000\247\0004\0008\000\050\000i\000v\000\051\000\040\000S\000o\000r\000r\000o\000w}{subsection.16.2.1}% 245
\BOOKMARK [3][-]{subsubsection.16.2.1.5}{\376\377\0002\000.\0001\000.\0005\000\040\000\247\0004\0009\000\050\000v\000\051\000\040\000L\000a\000m\000e\000n\000t\000a\000t\000i\000o\000n}{subsection.16.2.1}% 246
\BOOKMARK [3][-]{subsubsection.16.2.1.6}{\376\377\0002\000.\0001\000.\0006\000\040\000\247\0005\0000\000\050\000v\000i\000\051\000\040\000P\000a\000i\000n}{subsection.16.2.1}% 247
\BOOKMARK [3][-]{subsubsection.16.2.1.7}{\376\377\0002\000.\0001\000.\0007\000\040\000\247\0005\0001\000\050\000v\000i\000i\000\051\000\040\000G\000r\000i\000e\000f}{subsection.16.2.1}% 248
\BOOKMARK [3][-]{subsubsection.16.2.1.8}{\376\377\0002\000.\0001\000.\0008\000\040\000\247\0005\0002\040\023\0005\0003\000\050\000v\000i\000i\000i\000\051\000\040\000D\000e\000s\000p\000a\000i\000r}{subsection.16.2.1}% 249
\BOOKMARK [3][-]{subsubsection.16.2.1.9}{\376\377\0002\000.\0001\000.\0009\000\040\000\247\0005\0004\000\050\000i\000x\000\051\000\040\000A\000s\000s\000o\000c\000i\000a\000t\000i\000o\000n\000\040\000w\000i\000t\000h\000\040\000t\000h\000e\000\040\000U\000n\000l\000o\000v\000e\000d}{subsection.16.2.1}% 250
\BOOKMARK [3][-]{subsubsection.16.2.1.10}{\376\377\0002\000.\0001\000.\0001\0000\000\040\000\247\0005\0005\000\050\000x\000\051\000\040\000S\000e\000p\000a\000r\000a\000t\000i\000o\000n\000\040\000f\000r\000o\000m\000\040\000t\000h\000e\000\040\000L\000o\000v\000e\000d}{subsection.16.2.1}% 251
\BOOKMARK [3][-]{subsubsection.16.2.1.11}{\376\377\0002\000.\0001\000.\0001\0001\000\040\000\247\0005\0006\000\050\000x\000i\000\051\000\040\000N\000o\000t\000\040\000t\000o\000\040\000G\000e\000t\000\040\000W\000h\000a\000t\000\040\000O\000n\000e\000\040\000W\000a\000n\000t\000s}{subsection.16.2.1}% 252
\BOOKMARK [3][-]{subsubsection.16.2.1.12}{\376\377\0002\000.\0001\000.\0001\0002\000\040\000\247\0005\0007\040\023\0006\0000\000\050\000x\000i\000i\000\051\000\040\000T\000h\000e\000\040\000F\000i\000v\000e\000\040\000A\000g\000g\000r\000e\000g\000a\000t\000e\000s}{subsection.16.2.1}% 253
\BOOKMARK [2][-]{subsection.16.2.2}{\376\377\0002\000.\0002\000\040\000\247\0006\0001\000T\000h\000e\000\040\000T\000r\000u\000t\000h\000\040\000o\000f\000\040\000t\000h\000e\000\040\000O\000r\000i\000g\000i\000n\000\040\000o\000f\000\040\000S\000u\000f\000f\000e\000r\000i\000n\000g}{section.16.2}% 254
\BOOKMARK [2][-]{subsection.16.2.3}{\376\377\0002\000.\0003\000\040\000\247\0006\0002\040\023\0007\0004\000T\000h\000e\000\040\000T\000r\000u\000t\000h\000\040\000o\000f\000\040\000t\000h\000e\000\040\000C\000e\000s\000s\000a\000t\000i\000o\000n\000\040\000o\000f\000\040\000S\000u\000f\000f\000e\000r\000i\000n\000g}{section.16.2}% 255
\BOOKMARK [3][-]{subsubsection.16.2.3.1}{\376\377\0002\000.\0003\000.\0001\000\040\000\247\0006\0007\040\023\0007\0004\000D\000i\000s\000c\000u\000s\000s\000i\000o\000n\000\040\000o\000n\000\040\000N\000i\000b\000b\001\001\000n\000a}{subsection.16.2.3}% 256
\BOOKMARK [2][-]{subsection.16.2.4}{\376\377\0002\000.\0004\000\040\000\247\0007\0005\040\023\0008\0003\000T\000h\000e\000\040\000T\000r\000u\000t\000h\000\040\000o\000f\000\040\000t\000h\000e\000\040\000W\000a\000y}{section.16.2}% 257
\BOOKMARK [1][-]{section.16.3}{\376\377\0003\000\040\000\247\0008\0004\040\023\0001\0000\0004\000G\000e\000n\000e\000r\000a\000l}{chapter.16}% 258
\BOOKMARK [0][-]{chapter.17}{\376\377\000X\000V\000I\000I\000\040\000T\000h\000e\000\040\000S\000o\000i\000l\000\040\000o\000f\000\040\000U\000n\000d\000e\000r\000s\000t\000a\000n\000d\000i\000n\000g\040\024\000C\000o\000n\000c\000l\000u\000s\000i\000o\000n\000:\000\040\000D\000e\000p\000e\000n\000d\000e\000n\000t\000\040\000O\000r\000i\000g\000i\000n\000a\000t\000i\000o\000n}{part.3}% 259
\BOOKMARK [1][-]{section.17.1}{\376\377\0001\000\040\000\247\0001\040\023\0002\0004\000A\000.\000\040\000D\000e\000f\000i\000n\000i\000t\000i\000o\000n\000\040\000o\000f\000\040\000D\000e\000p\000e\000n\000d\000e\000n\000t\000\040\000O\000r\000i\000g\000i\000n\000a\000t\000i\000o\000n}{chapter.17}% 260
\BOOKMARK [1][-]{section.17.2}{\376\377\0002\000\040\000\247\0002\0005\040\023\0002\0007\0002\000B\000.\000\040\000E\000x\000p\000o\000s\000i\000t\000i\000o\000n}{chapter.17}% 261
\BOOKMARK [2][-]{subsection.17.2.1}{\376\377\0002\000.\0001\000\040\000\247\0002\0005\040\023\0002\0006\000I\000.\000\040\000P\000r\000e\000a\000m\000b\000l\000e}{section.17.2}% 262
\BOOKMARK [2][-]{subsection.17.2.2}{\376\377\0002\000.\0002\000\040\000\247\0002\0007\040\023\0005\0007\000I\000I\000.\000\040\000B\000r\000i\000e\000f\000\040\000E\000x\000p\000o\000s\000i\000t\000i\000o\000n}{section.17.2}% 263
\BOOKMARK [2][-]{subsection.17.2.3}{\376\377\0002\000.\0003\000\040\000\247\0005\0008\040\023\0002\0007\0002\000I\000I\000I\000.\000\040\000D\000e\000t\000a\000i\000l\000e\000d\000\040\000E\000x\000p\000o\000s\000i\000t\000i\000o\000n}{section.17.2}% 264
\BOOKMARK [3][-]{subsubsection.17.2.3.1}{\376\377\0002\000.\0003\000.\0001\000\040\000\247\0005\0008\040\023\0005\0009\000\050\0001\000\051\000\040\000I\000g\000n\000o\000r\000a\000n\000c\000e}{subsection.17.2.3}% 265
\BOOKMARK [3][-]{subsubsection.17.2.3.2}{\376\377\0002\000.\0003\000.\0002\000\040\000\247\0006\0000\040\023\0001\0001\0009\000\050\0002\000\051\000\040\000F\000o\000r\000m\000a\000t\000i\000o\000n\000s}{subsection.17.2.3}% 266
\BOOKMARK [3][-]{subsubsection.17.2.3.3}{\376\377\0002\000.\0003\000.\0003\000\040\000\247\0001\0002\0000\040\023\0001\0008\0005\000\050\0003\000\051\000\040\000C\000o\000n\000s\000c\000i\000o\000u\000s\000n\000e\000s\000s}{subsection.17.2.3}% 267
\BOOKMARK [3][-]{subsubsection.17.2.3.4}{\376\377\0002\000.\0003\000.\0004\000\040\000\247\0001\0008\0006\040\023\0002\0000\0002\000\050\0004\000\051\000\040\000M\000e\000n\000t\000a\000l\000i\000t\000y\000-\000M\000a\000t\000e\000r\000i\000a\000l\000i\000t\000y}{subsection.17.2.3}% 268
\BOOKMARK [3][-]{subsubsection.17.2.3.5}{\376\377\0002\000.\0003\000.\0005\000\040\000\247\0002\0000\0003\040\023\0002\0001\0009\000\050\0005\000\051\000\040\000T\000h\000e\000\040\000S\000i\000x\000f\000o\000l\000d\000\040\000B\000a\000s\000e}{subsection.17.2.3}% 269
\BOOKMARK [3][-]{subsubsection.17.2.3.6}{\376\377\0002\000.\0003\000.\0006\000\040\000\247\0002\0002\0000\040\023\0002\0002\0007\000\050\0006\000\051\000\040\000C\000o\000n\000t\000a\000c\000t}{subsection.17.2.3}% 270
\BOOKMARK [3][-]{subsubsection.17.2.3.7}{\376\377\0002\000.\0003\000.\0007\000\040\000\247\0002\0002\0008\040\023\0002\0003\0002\000\050\0007\000\051\000\040\000F\000e\000e\000l\000i\000n\000g}{subsection.17.2.3}% 271
\BOOKMARK [3][-]{subsubsection.17.2.3.8}{\376\377\0002\000.\0003\000.\0008\000\040\000\247\0002\0003\0003\040\023\0002\0003\0008\000\050\0008\000\051\000\040\000C\000r\000a\000v\000i\000n\000g}{subsection.17.2.3}% 272
\BOOKMARK [3][-]{subsubsection.17.2.3.9}{\376\377\0002\000.\0003\000.\0009\000\040\000\247\0002\0003\0009\040\023\0002\0004\0008\000\050\0009\000\051\000\040\000C\000l\000i\000n\000g\000i\000n\000g}{subsection.17.2.3}% 273
\BOOKMARK [3][-]{subsubsection.17.2.3.10}{\376\377\0002\000.\0003\000.\0001\0000\000\040\000\247\0002\0004\0009\040\023\0002\0006\0009\000\050\0001\0000\000\051\000\040\000B\000e\000c\000o\000m\000i\000n\000g\000\040\000\050\000b\000e\000i\000n\000g\000\051}{subsection.17.2.3}% 274
\BOOKMARK [3][-]{subsubsection.17.2.3.11}{\376\377\0002\000.\0003\000.\0001\0001\000\040\000\247\0002\0007\0000\040\023\0002\0007\0002\000\050\0001\0001\000\051\040\023\000\050\0001\0002\000\051\000\040\000B\000i\000r\000t\000h\000,\000\040\000E\000t\000c\000.}{subsection.17.2.3}% 275
\BOOKMARK [1][-]{section.17.3}{\376\377\0003\000\040\000\247\0002\0007\0003\040\023\0003\0001\0004\000C\000.\000\040\000T\000h\000e\000\040\000W\000h\000e\000e\000l\000\040\000o\000f\000\040\000B\000e\000c\000o\000m\000i\000n\000g}{chapter.17}% 276
\BOOKMARK [2][-]{subsection.17.3.1}{\376\377\0003\000.\0001\000\040\000\247\0002\0007\0003\040\023\0002\0008\0003\000\050\000i\000\051\000\040\000T\000h\000e\000\040\000W\000h\000e\000e\000l}{section.17.3}% 277
\BOOKMARK [2][-]{subsection.17.3.2}{\376\377\0003\000.\0002\000\040\000\247\0002\0008\0004\040\023\0002\0008\0007\000\050\000i\000i\000\051\000\040\000T\000h\000e\000\040\000T\000h\000r\000e\000e\000\040\000T\000i\000m\000e\000s}{section.17.3}% 278
\BOOKMARK [2][-]{subsection.17.3.3}{\376\377\0003\000.\0003\000\040\000\247\0002\0008\0008\040\023\0002\0009\0008\000\050\000i\000i\000i\000\051\000\040\000C\000a\000u\000s\000e\000\040\000a\000n\000d\000\040\000F\000r\000u\000i\000t}{section.17.3}% 279
\BOOKMARK [2][-]{subsection.17.3.4}{\376\377\0003\000.\0004\000\040\000\247\0002\0009\0009\040\023\0003\0001\0004\000\050\000i\000v\000\051\000\040\000V\000a\000r\000i\000o\000u\000s}{section.17.3}% 280
\BOOKMARK [0][-]{chapter.18}{\376\377\000X\000V\000I\000I\000I\000\040\000P\000u\000r\000i\000f\000i\000c\000a\000t\000i\000o\000n\000\040\000o\000f\000\040\000V\000i\000e\000w}{part.3}% 281
\BOOKMARK [1][-]{section.18.1}{\376\377\0001\000\040\000\247\0001\000I\000n\000t\000r\000o\000d\000u\000c\000t\000o\000r\000y}{chapter.18}% 282
\BOOKMARK [1][-]{section.18.2}{\376\377\0002\000\040\000\247\0002\040\023\0001\0004\000D\000e\000f\000i\000n\000i\000n\000g\000\040\000o\000f\000\040\000M\000e\000n\000t\000a\000l\000i\000t\000y\000-\000M\000a\000t\000e\000r\000i\000a\000l\000i\000t\000y}{chapter.18}% 283
\BOOKMARK [2][-]{subsection.18.2.1}{\376\377\0002\000.\0001\000\040\000\247\0002\040\023\0008\000\050\0001\000\051\000\040\000D\000e\000f\000i\000n\000i\000t\000i\000o\000n\000\040\000B\000a\000s\000e\000d\000\040\000o\000n\000\040\000t\000h\000e\000\040\000F\000o\000u\000r\000\040\000P\000r\000i\000m\000a\000r\000i\000e\000s}{section.18.2}% 284
\BOOKMARK [3][-]{subsubsection.18.2.1.1}{\376\377\0002\000.\0001\000.\0001\000\040\000\247\0002\040\023\0004\000\050\000a\000\051\000\040\000S\000t\000a\000r\000t\000i\000n\000g\000\040\000w\000i\000t\000h\000\040\000M\000e\000n\000t\000a\000l\000i\000t\000y}{subsection.18.2.1}% 285
\BOOKMARK [3][-]{subsubsection.18.2.1.2}{\376\377\0002\000.\0001\000.\0002\000\040\000\247\0005\040\023\0008\000\050\000b\000\051\000\040\000S\000t\000a\000r\000t\000i\000n\000g\000\040\000w\000i\000t\000h\000\040\000M\000a\000t\000e\000r\000i\000a\000l\000i\000t\000y}{subsection.18.2.1}% 286
\BOOKMARK [2][-]{subsection.18.2.2}{\376\377\0002\000.\0002\000\040\000\247\0009\040\023\0001\0001\000\050\0002\000\051\000\040\000D\000e\000f\000i\000n\000i\000t\000i\000o\000n\000\040\000B\000a\000s\000e\000d\000\040\000o\000n\000\040\000t\000h\000e\000\040\000E\000i\000g\000h\000t\000e\000e\000n\000\040\000E\000l\000e\000m\000e\000n\000t\000s}{section.18.2}% 287
\BOOKMARK [2][-]{subsection.18.2.3}{\376\377\0002\000.\0003\000\040\000\247\0001\0002\000\050\0003\000\051\000\040\000D\000e\000f\000i\000n\000i\000t\000i\000o\000n\000\040\000B\000a\000s\000e\000d\000\040\000o\000n\000\040\000t\000h\000e\000\040\000T\000w\000e\000l\000v\000e\000\040\000B\000a\000s\000e\000s}{section.18.2}% 288
\BOOKMARK [2][-]{subsection.18.2.4}{\376\377\0002\000.\0004\000\040\000\247\0001\0003\000\050\0004\000\051\000\040\000D\000e\000f\000i\000n\000i\000t\000i\000o\000n\000\040\000B\000a\000s\000e\000d\000\040\000o\000n\000\040\000t\000h\000e\000\040\000F\000i\000v\000e\000\040\000A\000g\000g\000r\000e\000g\000a\000t\000e\000s}{section.18.2}% 289
\BOOKMARK [2][-]{subsection.18.2.5}{\376\377\0002\000.\0005\000\040\000\247\0001\0004\000\050\0005\000\051\000\040\000B\000r\000i\000e\000f\000\040\000D\000e\000f\000i\000n\000i\000t\000i\000o\000n\000\040\000B\000a\000s\000e\000d\000\040\000o\000n\000\040\000t\000h\000e\000\040\000F\000o\000u\000r\000\040\000P\000r\000i\000m\000a\000r\000i\000e\000s}{section.18.2}% 290
\BOOKMARK [1][-]{section.18.3}{\376\377\0003\000\040\000\247\0001\0005\040\023\0001\0007\000I\000f\000\040\000t\000h\000e\000\040\000I\000m\000m\000a\000t\000e\000r\000i\000a\000l\000\040\000F\000a\000i\000l\000s\000\040\000t\000o\000\040\000B\000e\000c\000o\000m\000e\000\040\000E\000v\000i\000d\000e\000n\000t}{chapter.18}% 291
\BOOKMARK [1][-]{section.18.4}{\376\377\0004\000\040\000\247\0001\0008\040\023\0002\0003\000H\000o\000w\000\040\000t\000h\000e\000\040\000I\000m\000m\000a\000t\000e\000r\000i\000a\000l\000\040\000S\000t\000a\000t\000e\000s\000\040\000B\000e\000c\000o\000m\000e\000\040\000E\000v\000i\000d\000e\000n\000t}{chapter.18}% 292
\BOOKMARK [1][-]{section.18.5}{\376\377\0005\000\040\000\247\0002\0004\040\023\0003\0001\000N\000o\000\040\000B\000e\000i\000n\000g\000\040\000A\000p\000a\000r\000t\000\040\000f\000r\000o\000m\000\040\000M\000e\000n\000t\000a\000l\000i\000t\000y\000-\000M\000a\000t\000e\000r\000i\000a\000l\000i\000t\000y}{chapter.18}% 293
\BOOKMARK [1][-]{section.18.6}{\376\377\0006\000\040\000\247\0003\0002\040\023\0003\0006\000I\000n\000t\000e\000r\000d\000e\000p\000e\000n\000d\000e\000n\000c\000e\000\040\000o\000f\000\040\000M\000e\000n\000t\000a\000l\000i\000t\000y\000\040\000a\000n\000d\000\040\000M\000a\000t\000e\000r\000i\000a\000l\000i\000t\000y}{chapter.18}% 294
\BOOKMARK [1][-]{section.18.7}{\376\377\0007\000\040\000\247\0003\0007\000C\000o\000n\000c\000l\000u\000s\000i\000o\000n}{chapter.18}% 295
\BOOKMARK [0][-]{chapter.19}{\376\377\000X\000I\000X\000\040\000P\000u\000r\000i\000f\000i\000c\000a\000t\000i\000o\000n\000\040\000b\000y\000\040\000O\000v\000e\000r\000c\000o\000m\000i\000n\000g\000\040\000D\000o\000u\000b\000t}{part.3}% 296
\BOOKMARK [1][-]{section.19.1}{\376\377\0001\000\040\000\247\0001\000I\000n\000t\000r\000o\000d\000u\000c\000t\000o\000r\000y}{chapter.19}% 297
\BOOKMARK [1][-]{section.19.2}{\376\377\0002\000\040\000\247\0002\040\023\0002\0000\000W\000a\000y\000s\000\040\000o\000f\000\040\000D\000i\000s\000c\000e\000r\000n\000i\000n\000g\000\040\000C\000a\000u\000s\000e\000\040\000a\000n\000d\000\040\000C\000o\000n\000d\000i\000t\000i\000o\000n}{chapter.19}% 298
\BOOKMARK [2][-]{subsection.19.2.1}{\376\377\0002\000.\0001\000\040\000\247\0003\040\023\0004\0001\000.\000\040\000N\000e\000i\000t\000h\000e\000r\000\040\000C\000r\000e\000a\000t\000e\000d\000\040\000b\000y\000\040\000a\000\040\000C\000r\000e\000a\000t\000o\000r\000\040\000n\000o\000r\000\040\000C\000a\000u\000s\000e\000l\000e\000s\000s}{section.19.2}% 299
\BOOKMARK [2][-]{subsection.19.2.2}{\376\377\0002\000.\0002\000\040\000\247\0005\040\023\0006\0002\000.\000\040\000I\000t\000s\000\040\000O\000c\000c\000u\000r\000a\000n\000c\000e\000\040\000i\000s\000\040\000A\000l\000w\000a\000y\000s\000\040\000D\000u\000e\000\040\000t\000o\000\040\000C\000o\000n\000d\000i\000t\000i\000o\000n\000s}{section.19.2}% 300
\BOOKMARK [2][-]{subsection.19.2.3}{\376\377\0002\000.\0003\000\040\000\247\0007\040\023\0001\0000\0003\000.\000\040\000G\000e\000n\000e\000r\000a\000l\000\040\000a\000n\000d\000\040\000P\000a\000r\000t\000i\000c\000u\000l\000a\000r\000\040\000C\000o\000n\000d\000i\000t\000i\000o\000n\000s}{section.19.2}% 301
\BOOKMARK [2][-]{subsection.19.2.4}{\376\377\0002\000.\0004\000\040\000\247\0001\0001\0004\000.\000\040\000D\000e\000p\000e\000n\000d\000e\000n\000t\000\040\000O\000r\000i\000g\000i\000n\000a\000t\000i\000o\000n\000\040\000i\000n\000\040\000R\000e\000v\000e\000r\000s\000e\000\040\000O\000r\000d\000e\000r}{section.19.2}% 302
\BOOKMARK [2][-]{subsection.19.2.5}{\376\377\0002\000.\0005\000\040\000\247\0001\0002\0005\000.\000\040\000D\000e\000p\000e\000n\000d\000e\000n\000t\000\040\000O\000r\000i\000g\000i\000n\000a\000t\000i\000o\000n\000\040\000i\000n\000\040\000D\000i\000r\000e\000c\000t\000\040\000O\000r\000d\000e\000r}{section.19.2}% 303
\BOOKMARK [2][-]{subsection.19.2.6}{\376\377\0002\000.\0006\000\040\000\247\0001\0003\040\023\0001\0009\0006\000.\000\040\000K\000a\000m\000m\000a\000\040\000a\000n\000d\000\040\000K\000a\000m\000m\000a\000-\000R\000e\000s\000u\000l\000t}{section.19.2}% 304
\BOOKMARK [2][-]{subsection.19.2.7}{\376\377\0002\000.\0007\000\040\000\247\0001\0009\040\023\0002\0000\0007\000.\000\040\000N\000o\000\040\000D\000o\000e\000r\000\040\000A\000p\000a\000r\000t\000\040\000f\000r\000o\000m\000\040\000K\000a\000m\000m\000a\000\040\000a\000n\000d\000\040\000R\000e\000s\000u\000l\000t}{section.19.2}% 305
\BOOKMARK [1][-]{section.19.3}{\376\377\0003\000\040\000\247\0002\0001\040\023\0002\0007\000F\000u\000l\000l\000-\000U\000n\000d\000e\000r\000s\000t\000a\000n\000d\000i\000n\000g\000\040\000o\000f\000\040\000t\000h\000e\000\040\000K\000n\000o\000w\000n}{chapter.19}% 306
\BOOKMARK [0][-]{chapter.20}{\376\377\000X\000X\000\040\000P\000u\000r\000i\000f\000i\000c\000a\000t\000i\000o\000n\000\040\000b\000y\000\040\000K\000n\000o\000w\000l\000e\000d\000g\000e\000\040\000a\000n\000d\000\040\000V\000i\000s\000i\000o\000n\000\040\000o\000f\000\040\000W\000h\000a\000t\000\040\000i\000s\000\040\000t\000h\000e\000\040\000P\000a\000t\000h\000\040\000a\000n\000d\000\040\000W\000h\000a\000t\000\040\000i\000s\000\040\000N\000o\000t\000\040\000t\000h\000e\000\040\000P\000a\000t\000h}{part.3}% 307
\BOOKMARK [1][-]{section.20.1}{\376\377\0001\000\040\000\247\0001\040\023\0005\000I\000n\000t\000r\000o\000d\000u\000c\000t\000o\000r\000y}{chapter.20}% 308
\BOOKMARK [2][-]{subsection.20.1.1}{\376\377\0001\000.\0001\000\040\000\247\0002\000T\000h\000e\000\040\000F\000i\000f\000t\000h\000\040\000P\000u\000r\000i\000f\000i\000c\000a\000t\000i\000o\000n}{section.20.1}% 309
\BOOKMARK [2][-]{subsection.20.1.2}{\376\377\0001\000.\0002\000\040\000\247\0003\040\023\0005\000T\000h\000e\000\040\000T\000h\000r\000e\000e\000\040\000K\000i\000n\000d\000s\000\040\000o\000f\000\040\000F\000u\000l\000l\000-\000U\000n\000d\000e\000r\000s\000t\000a\000n\000d\000i\000n\000g}{section.20.1}% 310
\BOOKMARK [1][-]{section.20.2}{\376\377\0002\000\040\000\247\0006\040\023\0001\0003\0000\000I\000n\000s\000i\000g\000h\000t}{chapter.20}% 311
\BOOKMARK [2][-]{subsection.20.2.1}{\376\377\0002\000.\0001\000\040\000\247\0006\040\023\0001\0002\000C\000o\000m\000p\000r\000e\000h\000e\000n\000s\000i\000o\000n\000\040\000b\000y\000\040\000G\000r\000o\000u\000p\000s}{section.20.2}% 312
\BOOKMARK [2][-]{subsection.20.2.2}{\376\377\0002\000.\0002\000\040\000\247\0001\0003\040\023\0001\0007\000C\000o\000m\000p\000r\000e\000h\000e\000n\000s\000i\000o\000n\000\040\000b\000y\000\040\000G\000r\000o\000u\000p\000s\040\024\000A\000p\000p\000l\000i\000c\000a\000t\000i\000o\000n\000\040\000o\000f\000\040\000T\000e\000x\000t}{section.20.2}% 313
\BOOKMARK [2][-]{subsection.20.2.3}{\376\377\0002\000.\0003\000\040\000\247\0001\0008\040\023\0002\0000\000S\000t\000r\000e\000n\000g\000t\000h\000e\000n\000i\000n\000g\000\040\000o\000f\000\040\000C\000o\000m\000p\000r\000e\000h\000e\000n\000s\000i\000o\000n\000\040\000i\000n\000\040\000F\000o\000r\000t\000y\000\040\000W\000a\000y\000s}{section.20.2}% 314
\BOOKMARK [2][-]{subsection.20.2.4}{\376\377\0002\000.\0004\000\040\000\247\0002\0001\000N\000i\000n\000e\000\040\000W\000a\000y\000s\000\040\000o\000f\000\040\000S\000h\000a\000r\000p\000e\000n\000i\000n\000g\000\040\000t\000h\000e\000\040\000F\000a\000c\000u\000l\000t\000i\000e\000s\000,\000\040\000E\000t\000c\000.}{section.20.2}% 315
\BOOKMARK [2][-]{subsection.20.2.5}{\376\377\0002\000.\0005\000\040\000\247\0002\0002\040\023\0004\0002\000C\000o\000m\000p\000r\000e\000h\000e\000n\000s\000i\000o\000n\000\040\000o\000f\000\040\000t\000h\000e\000\040\000M\000a\000t\000e\000r\000i\000a\000l}{section.20.2}% 316
\BOOKMARK [3][-]{subsubsection.20.2.5.1}{\376\377\0002\000.\0005\000.\0001\000\040\000\247\0002\0007\040\023\0002\0009\000\050\000a\000\051\000\040\000K\000a\000m\000m\000a\000-\000B\000o\000r\000n\000\040\000M\000a\000t\000e\000r\000i\000a\000l\000i\000t\000y}{subsection.20.2.5}% 317
\BOOKMARK [3][-]{subsubsection.20.2.5.2}{\376\377\0002\000.\0005\000.\0002\000\040\000\247\0003\0000\040\023\0003\0004\000\050\000b\000\051\000\040\000C\000o\000n\000s\000c\000i\000o\000u\000s\000n\000e\000s\000s\000-\000B\000o\000r\000n\000\040\000M\000a\000t\000e\000r\000i\000a\000l\000i\000t\000y}{subsection.20.2.5}% 318
\BOOKMARK [3][-]{subsubsection.20.2.5.3}{\376\377\0002\000.\0005\000.\0003\000\040\000\247\0003\0005\040\023\0003\0008\000\050\000c\000\051\000\040\000N\000u\000t\000r\000i\000m\000e\000n\000t\000-\000B\000o\000r\000n\000\040\000M\000a\000t\000e\000r\000i\000a\000l\000i\000t\000y}{subsection.20.2.5}% 319
\BOOKMARK [3][-]{subsubsection.20.2.5.4}{\376\377\0002\000.\0005\000.\0004\000\040\000\247\0003\0009\040\023\0004\0002\000\050\000d\000\051\000\040\000T\000e\000m\000p\000e\000r\000a\000t\000u\000r\000e\000-\000B\000o\000r\000n\000\040\000M\000a\000t\000e\000r\000i\000a\000l\000i\000t\000y}{subsection.20.2.5}% 320
\BOOKMARK [2][-]{subsection.20.2.6}{\376\377\0002\000.\0006\000\040\000\247\0004\0003\040\023\0004\0005\000C\000o\000m\000p\000r\000e\000h\000e\000n\000s\000i\000o\000n\000\040\000o\000f\000\040\000t\000h\000e\000\040\000I\000m\000m\000a\000t\000e\000r\000i\000a\000l}{section.20.2}% 321
\BOOKMARK [2][-]{subsection.20.2.7}{\376\377\0002\000.\0007\000\040\000\247\0004\0005\040\023\0007\0005\000T\000h\000e\000\040\000M\000a\000t\000e\000r\000i\000a\000l\000\040\000S\000e\000p\000t\000a\000d}{section.20.2}% 322
\BOOKMARK [2][-]{subsection.20.2.8}{\376\377\0002\000.\0008\000\040\000\247\0007\0006\040\023\0008\0008\000T\000h\000e\000\040\000I\000m\000m\000a\000t\000e\000r\000i\000a\000l\000\040\000S\000e\000p\000t\000a\000d}{section.20.2}% 323
\BOOKMARK [2][-]{subsection.20.2.9}{\376\377\0002\000.\0009\000\040\000\247\0008\0009\040\023\0009\0002\000T\000h\000e\000\040\000E\000i\000g\000h\000t\000e\000e\000n\000\040\000P\000r\000i\000n\000c\000i\000p\000a\000l\000\040\000I\000n\000s\000i\000g\000h\000t\000s}{section.20.2}% 324
\BOOKMARK [2][-]{subsection.20.2.10}{\376\377\0002\000.\0001\0000\000\040\000\247\0009\0003\040\023\0001\0003\0000\000K\000n\000o\000w\000l\000e\000d\000g\000e\000\040\000o\000f\000\040\000R\000i\000s\000e\000\040\000a\000n\000d\000\040\000F\000a\000l\000l\040\024\000I}{section.20.2}% 325
\BOOKMARK [3][-]{subsubsection.20.2.10.1}{\376\377\0002\000.\0001\0000\000.\0001\000\040\000\247\0001\0000\0005\040\023\0001\0003\0000\000T\000h\000e\000\040\000T\000e\000n\000\040\000I\000m\000p\000e\000r\000f\000e\000c\000t\000i\000o\000n\000s\000\040\000o\000f\000\040\000I\000n\000s\000i\000g\000h\000t}{subsection.20.2.10}% 326
\BOOKMARK [0][-]{chapter.21}{\376\377\000X\000X\000I\000\040\000P\000u\000r\000i\000f\000i\000c\000a\000t\000i\000o\000n\000\040\000b\000y\000\040\000K\000n\000o\000w\000l\000e\000d\000g\000e\000\040\000a\000n\000d\000\040\000V\000i\000s\000i\000o\000n\000\040\000o\000f\000\040\000t\000h\000e\000\040\000W\000a\000y}{part.3}% 327
\BOOKMARK [1][-]{section.21.1}{\376\377\0001\000\040\000\247\0001\040\023\0002\000I\000n\000t\000r\000o\000d\000u\000c\000t\000o\000r\000y}{chapter.21}% 328
\BOOKMARK [1][-]{section.21.2}{\376\377\0002\000\040\000\247\0003\040\023\0001\0003\0006\000I\000n\000s\000i\000g\000h\000t\000:\000\040\000T\000h\000e\000\040\000E\000i\000g\000h\000t\000\040\000K\000n\000o\000w\000l\000e\000d\000g\000e\000s}{chapter.21}% 329
\BOOKMARK [2][-]{subsection.21.2.1}{\376\377\0002\000.\0001\000\040\000\247\0003\040\023\0009\0001\000.\000\040\000K\000n\000o\000w\000l\000e\000d\000g\000e\000\040\000o\000f\000\040\000R\000i\000s\000e\000\040\000a\000n\000d\000\040\000F\000a\000l\000l\040\024\000I\000I}{section.21.2}% 330
\BOOKMARK [2][-]{subsection.21.2.2}{\376\377\0002\000.\0002\000\040\000\247\0001\0000\040\023\0002\0008\0002\000.\000\040\000K\000n\000o\000w\000l\000e\000d\000g\000e\000\040\000o\000f\000\040\000D\000i\000s\000s\000o\000l\000u\000t\000i\000o\000n}{section.21.2}% 331
\BOOKMARK [2][-]{subsection.21.2.3}{\376\377\0002\000.\0003\000\040\000\247\0002\0009\040\023\0003\0004\0003\000.\000\040\000K\000n\000o\000w\000l\000e\000d\000g\000e\000\040\000o\000f\000\040\000A\000p\000p\000e\000a\000r\000a\000n\000c\000e\000\040\000a\000s\000\040\000T\000e\000r\000r\000o\000r}{section.21.2}% 332
\BOOKMARK [2][-]{subsection.21.2.4}{\376\377\0002\000.\0004\000\040\000\247\0003\0005\040\023\0004\0002\0004\000.\000\040\000K\000n\000o\000w\000l\000e\000d\000g\000e\000\040\000o\000f\000\040\000D\000a\000n\000g\000e\000r}{section.21.2}% 333
\BOOKMARK [2][-]{subsection.21.2.5}{\376\377\0002\000.\0005\000\040\000\247\0004\0003\040\023\0004\0004\0005\000.\000\040\000K\000n\000o\000w\000l\000e\000d\000g\000e\000\040\000o\000f\000\040\000D\000i\000s\000p\000a\000s\000s\000i\000o\000n}{section.21.2}% 334
\BOOKMARK [2][-]{subsection.21.2.6}{\376\377\0002\000.\0006\000\040\000\247\0004\0005\040\023\0004\0006\0006\000.\000\040\000K\000n\000o\000w\000l\000e\000d\000g\000e\000\040\000o\000f\000\040\000D\000e\000s\000i\000r\000e\000\040\000f\000o\000r\000\040\000D\000e\000l\000i\000v\000e\000r\000a\000n\000c\000e}{section.21.2}% 335
\BOOKMARK [2][-]{subsection.21.2.7}{\376\377\0002\000.\0007\000\040\000\247\0004\0007\040\023\0001\0003\0006\0007\000.\000\040\000K\000n\000o\000w\000l\000e\000d\000g\000e\000\040\000o\000f\000\040\000R\000e\000f\000l\000e\000c\000t\000i\000o\000n}{section.21.2}% 336
\BOOKMARK [3][-]{subsubsection.21.2.7.1}{\376\377\0002\000.\0007\000.\0001\000\040\000\247\0005\0003\040\023\0006\0000\000D\000i\000s\000c\000e\000r\000n\000i\000n\000g\000\040\000F\000o\000r\000m\000a\000t\000i\000o\000n\000s\000\040\000a\000s\000\040\000V\000o\000i\000d}{subsection.21.2.7}% 337
\BOOKMARK [3][-]{subsubsection.21.2.7.2}{\376\377\0002\000.\0007\000.\0002\000\040\000\247\0006\0001\040\023\0006\0006\0008\000.\000\040\000K\000n\000o\000w\000l\000e\000d\000g\000e\000\040\000o\000f\000\040\000E\000q\000u\000a\000n\000i\000m\000i\000t\000y\000\040\000a\000b\000o\000u\000t\000\040\000F\000o\000r\000m\000a\000t\000i\000o\000n\000s}{subsection.21.2.7}% 338
\BOOKMARK [3][-]{subsubsection.21.2.7.3}{\376\377\0002\000.\0007\000.\0003\000\040\000\247\0006\0006\040\023\0007\0003\000T\000h\000e\000\040\000T\000r\000i\000p\000l\000e\000\040\000G\000a\000t\000e\000w\000a\000y\000\040\000t\000o\000\040\000L\000i\000b\000e\000r\000a\000t\000i\000o\000n}{subsection.21.2.7}% 339
\BOOKMARK [3][-]{subsubsection.21.2.7.4}{\376\377\0002\000.\0007\000.\0004\000\040\000\247\0007\0004\040\023\0007\0008\000T\000h\000e\000\040\000S\000e\000v\000e\000n\000\040\000K\000i\000n\000d\000s\000\040\000o\000f\000\040\000N\000o\000b\000l\000e\000\040\000P\000e\000r\000s\000o\000n\000s}{subsection.21.2.7}% 340
\BOOKMARK [3][-]{subsubsection.21.2.7.5}{\376\377\0002\000.\0007\000.\0005\000\040\000\247\0007\0009\040\023\0008\0002\000T\000h\000e\000\040\000L\000a\000s\000t\000\040\000T\000h\000r\000e\000e\000\040\000K\000n\000o\000w\000l\000e\000d\000g\000e\000s\000\040\000a\000r\000e\000\040\000O\000n\000e}{subsection.21.2.7}% 341
\BOOKMARK [3][-]{subsubsection.21.2.7.6}{\376\377\0002\000.\0007\000.\0006\000\040\000\247\0008\0003\040\023\0008\0009\000I\000n\000s\000i\000g\000h\000t\000\040\000L\000e\000a\000d\000i\000n\000g\000\040\000t\000o\000\040\000E\000m\000e\000r\000g\000e\000n\000c\000e}{subsection.21.2.7}% 342
\BOOKMARK [3][-]{subsubsection.21.2.7.7}{\376\377\0002\000.\0007\000.\0007\000\040\000\247\0009\0000\040\023\0001\0001\0000\000T\000h\000e\000\040\000T\000w\000e\000l\000v\000e\000\040\000S\000i\000m\000i\000l\000e\000s}{subsection.21.2.7}% 343
\BOOKMARK [3][-]{subsubsection.21.2.7.8}{\376\377\0002\000.\0007\000.\0008\000\040\000\247\0001\0001\0001\040\023\0001\0002\0007\000T\000h\000e\000\040\000D\000i\000f\000f\000e\000r\000e\000n\000c\000e\000\040\000i\000n\000\040\000t\000h\000e\000\040\000N\000o\000b\000l\000e\000\040\000P\000a\000t\000h\040\031\000s\000\040\000F\000a\000c\000t\000o\000r\000s\000,\000\040\000E\000t\000c\000.}{subsection.21.2.7}% 344
\BOOKMARK [3][-]{subsubsection.21.2.7.9}{\376\377\0002\000.\0007\000.\0009\000\040\000\247\0001\0002\0008\040\023\0001\0003\0004\0009\000.\000\040\000C\000o\000n\000f\000o\000r\000m\000i\000t\000y\000\040\000K\000n\000o\000w\000l\000e\000d\000g\000e}{subsection.21.2.7}% 345
\BOOKMARK [3][-]{subsubsection.21.2.7.10}{\376\377\0002\000.\0007\000.\0001\0000\000\040\000\247\0001\0003\0005\040\023\0001\0003\0006\000S\000u\000t\000t\000a\000\040\000R\000e\000f\000e\000r\000e\000n\000c\000e\000s}{subsection.21.2.7}% 346
\BOOKMARK [0][-]{chapter.22}{\376\377\000X\000X\000I\000I\000\040\000P\000u\000r\000i\000f\000i\000c\000a\000t\000i\000o\000n\000\040\000b\000y\000\040\000K\000n\000o\000w\000l\000e\000d\000g\000e\000\040\000a\000n\000d\000\040\000V\000i\000s\000i\000o\000n}{part.3}% 347
\BOOKMARK [1][-]{section.22.1}{\376\377\0001\000\040\000\247\0001\040\023\0003\0001\000I\000.\000\040\000C\000h\000a\000n\000g\000e\000-\000o\000f\000-\000L\000i\000n\000e\000a\000g\000e\000,\000\040\000P\000a\000t\000h\000s\000,\000\040\000a\000n\000d\000\040\000F\000r\000u\000i\000t\000s}{chapter.22}% 348
\BOOKMARK [2][-]{subsection.22.1.1}{\376\377\0001\000.\0001\000\040\000\247\0003\040\023\0001\0004\000T\000h\000e\000\040\000F\000i\000r\000s\000t\000\040\000P\000a\000t\000h\040\024\000F\000i\000r\000s\000t\000\040\000N\000o\000b\000l\000e\000\040\000P\000e\000r\000s\000o\000n}{section.22.1}% 349
\BOOKMARK [2][-]{subsection.22.1.2}{\376\377\0001\000.\0002\000\040\000\247\0001\0005\040\023\0002\0001\000T\000h\000e\000\040\000F\000i\000r\000s\000t\000\040\000F\000r\000u\000i\000t\000i\000o\000n\040\024\000S\000e\000c\000o\000n\000d\000\040\000N\000o\000b\000l\000e\000\040\000P\000e\000r\000s\000o\000n}{section.22.1}% 350
\BOOKMARK [2][-]{subsection.22.1.3}{\376\377\0001\000.\0003\000\040\000\247\0002\0002\040\023\0002\0003\000T\000h\000e\000\040\000S\000e\000c\000o\000n\000d\000\040\000P\000a\000t\000h\040\024\000T\000h\000i\000r\000d\000\040\000N\000o\000b\000l\000e\000\040\000P\000e\000r\000s\000o\000n}{section.22.1}% 351
\BOOKMARK [2][-]{subsection.22.1.4}{\376\377\0001\000.\0004\000\040\000\247\0002\0004\000T\000h\000e\000\040\000S\000e\000c\000o\000n\000d\000\040\000F\000r\000u\000i\000t\000i\000o\000n\040\024\000F\000o\000u\000r\000t\000h\000\040\000N\000o\000b\000l\000e\000\040\000P\000e\000r\000s\000o\000n}{section.22.1}% 352
\BOOKMARK [2][-]{subsection.22.1.5}{\376\377\0001\000.\0005\000\040\000\247\0002\0005\040\023\0002\0006\000T\000h\000e\000\040\000T\000h\000i\000r\000d\000\040\000P\000a\000t\000h\040\024\000F\000i\000f\000t\000h\000\040\000N\000o\000b\000l\000e\000\040\000P\000e\000r\000s\000o\000n}{section.22.1}% 353
\BOOKMARK [2][-]{subsection.22.1.6}{\376\377\0001\000.\0006\000\040\000\247\0002\0007\000T\000h\000e\000\040\000T\000h\000i\000r\000d\000\040\000F\000r\000u\000i\000t\000i\000o\000n\040\024\000S\000i\000x\000t\000h\000\040\000N\000o\000b\000l\000e\000\040\000P\000e\000r\000s\000o\000n}{section.22.1}% 354
\BOOKMARK [2][-]{subsection.22.1.7}{\376\377\0001\000.\0007\000\040\000\247\0002\0008\040\023\0002\0009\000T\000h\000e\000\040\000F\000o\000u\000r\000t\000h\000\040\000P\000a\000t\000h\040\024\000S\000e\000v\000e\000n\000t\000h\000\040\000N\000o\000b\000l\000e\000\040\000P\000e\000r\000s\000o\000n}{section.22.1}% 355
\BOOKMARK [2][-]{subsection.22.1.8}{\376\377\0001\000.\0008\000\040\000\247\0003\0000\040\023\0003\0001\000T\000h\000e\000\040\000F\000o\000u\000r\000t\000h\000\040\000F\000r\000u\000i\000t\000i\000o\000n\040\024\000E\000i\000g\000h\000t\000h\000\040\000N\000o\000b\000l\000e\000\040\000P\000e\000r\000s\000o\000n}{section.22.1}% 356
\BOOKMARK [1][-]{section.22.2}{\376\377\0002\000\040\000\247\0003\0002\040\023\0001\0002\0009\000I\000I\000.\000\040\000T\000h\000e\000\040\000S\000t\000a\000t\000e\000s\000\040\000A\000s\000s\000o\000c\000i\000a\000t\000e\000d\000\040\000w\000i\000t\000h\000\040\000t\000h\000e\000\040\000P\000a\000t\000h\000,\000\040\000E\000t\000c\000.}{chapter.22}% 357
\BOOKMARK [2][-]{subsection.22.2.1}{\376\377\0002\000.\0001\000\040\000\247\0003\0003\040\023\0004\0003\000T\000h\000e\000\040\0003\0007\000\040\000s\000t\000a\000t\000e\000s\000\040\000p\000a\000r\000t\000a\000k\000i\000n\000g\000\040\000o\000f\000\040\000e\000n\000l\000i\000g\000h\000t\000e\000n\000m\000e\000n\000t}{section.22.2}% 358
\BOOKMARK [2][-]{subsection.22.2.2}{\376\377\0002\000.\0002\000\040\000\247\0004\0004\040\023\0004\0006\000E\000m\000e\000r\000g\000e\000n\000c\000e\000\040\000a\000n\000d\000\040\000c\000o\000u\000p\000l\000i\000n\000g\000\040\000o\000f\000\040\000t\000h\000e\000\040\000p\000o\000w\000e\000r\000s}{section.22.2}% 359
\BOOKMARK [2][-]{subsection.22.2.3}{\376\377\0002\000.\0003\000\040\000\247\0004\0007\040\023\0009\0001\000S\000t\000a\000t\000e\000s\000\040\000t\000o\000\040\000b\000e\000\040\000a\000b\000a\000n\000d\000o\000n\000e\000d}{section.22.2}% 360
\BOOKMARK [2][-]{subsection.22.2.4}{\376\377\0002\000.\0004\000\040\000\247\0009\0002\040\023\0001\0002\0008\000T\000h\000e\000\040\000F\000o\000u\000r\000\040\000F\000u\000n\000c\000t\000i\000o\000n\000s}{section.22.2}% 361
\BOOKMARK [3][-]{subsubsection.22.2.4.1}{\376\377\0002\000.\0004\000.\0001\000\040\000\247\0009\0002\040\023\0001\0000\0003\000T\000h\000e\000\040\000F\000o\000u\000r\000\040\000F\000u\000n\000c\000t\000i\000o\000n\000s\000\040\000i\000n\000\040\000a\000\040\000S\000i\000n\000g\000l\000e\000\040\000M\000o\000m\000e\000n\000t}{subsection.22.2.4}% 362
\BOOKMARK [3][-]{subsubsection.22.2.4.2}{\376\377\0002\000.\0004\000.\0002\000\040\000\247\0001\0000\0004\040\023\0001\0002\0008\000T\000h\000e\000\040\000F\000o\000u\000r\000\040\000F\000u\000n\000c\000t\000i\000o\000n\000s\000\040\000D\000e\000s\000c\000r\000i\000b\000e\000d\000\040\000S\000e\000p\000a\000r\000a\000t\000e\000l\000y}{subsection.22.2.4}% 363
\BOOKMARK [2][-]{subsection.22.2.5}{\376\377\0002\000.\0005\000\040\000\247\0001\0002\0009\000C\000o\000n\000c\000l\000u\000s\000i\000o\000n}{section.22.2}% 364
\BOOKMARK [0][-]{chapter.23}{\376\377\000X\000X\000I\000I\000I\000\040\000T\000h\000e\000\040\000B\000e\000n\000e\000f\000i\000t\000s\000\040\000I\000n\000\040\000D\000e\000v\000e\000l\000o\000p\000i\000n\000g\000\040\000U\000n\000d\000e\000r\000s\000t\000a\000n\000d\000i\000n\000g}{part.3}% 365
\BOOKMARK [1][-]{section.23.1}{\376\377\0001\000\040\000\247\0001\040\023\0006\0000\000\050\000v\000i\000\051\000\040\000W\000h\000a\000t\000\040\000a\000r\000e\000\040\000t\000h\000e\000\040\000b\000e\000n\000e\000f\000i\000t\000s\000\040\000i\000n\000\040\000d\000e\000v\000e\000l\000o\000p\000i\000n\000g\000\040\000u\000n\000d\000e\000r\000s\000t\000a\000n\000d\000i\000n\000g\000?}{chapter.23}% 366
\BOOKMARK [2][-]{subsection.23.1.1}{\376\377\0001\000.\0001\000\040\000\247\0002\000A\000.\000\040\000R\000e\000m\000o\000v\000a\000l\000\040\000o\000f\000\040\000t\000h\000e\000\040\000D\000e\000f\000i\000l\000e\000m\000e\000n\000t\000s}{section.23.1}% 367
\BOOKMARK [2][-]{subsection.23.1.2}{\376\377\0001\000.\0002\000\040\000\247\0003\040\023\0001\0005\000B\000.\000\040\000T\000h\000e\000\040\000T\000a\000s\000t\000e\000\040\000o\000f\000\040\000t\000h\000e\000\040\000N\000o\000b\000l\000e\000\040\000F\000r\000u\000i\000t}{section.23.1}% 368
\BOOKMARK [2][-]{subsection.23.1.3}{\376\377\0001\000.\0003\000\040\000\247\0001\0006\040\023\0005\0002\000C\000.\000\040\000T\000h\000e\000\040\000A\000t\000t\000a\000i\000n\000m\000e\000n\000t\000\040\000o\000f\000\040\000C\000e\000s\000s\000a\000t\000i\000o\000n}{section.23.1}% 369
\BOOKMARK [2][-]{subsection.23.1.4}{\376\377\0001\000.\0004\000\040\000\247\0005\0003\040\023\0006\0000\000D\000.\000\040\000W\000o\000r\000t\000h\000i\000n\000e\000s\000s\000\040\000t\000o\000\040\000R\000e\000c\000e\000i\000v\000e\000\040\000G\000i\000f\000t\000s}{section.23.1}% 370
\BOOKMARK [1][-]{section.23.2}{\376\377\0002\000\040\000\247\0006\0000\000P\000o\000s\000t\000s\000c\000r\000i\000p\000t}{chapter.23}% 371
\BOOKMARK [0][-]{section.23.2}{\376\377\000B\000i\000b\000l\000i\000o\000g\000r\000a\000p\000h\000y}{part.3}% 372
\BOOKMARK [0][-]{appendix*.2902}{\376\377\000I\000n\000d\000e\000x}{part.3}% 373
\BOOKMARK [0][-]{appendix*.2903}{\376\377\000P\000a\000l\000i\000-\000E\000n\000g\000l\000i\000s\000h\000\040\000G\000l\000o\000s\000s\000a\000r\000y}{part.3}% 374
